10:51:58.573 Got a kill message. Killing runner.
10:52:02.578 Killing runner with PID:5284 forcefully
10:54:01.983 Checking updates...
10:54:04.906 Unable to start plugin html-report. Plugin html-report is not installed. To install, run `gauge --install html-report`.
10:54:04.912 # Specification Heading
10:54:04.912 ## Vowel counts in single word
10:54:04.914 * Vowels in English language are "aeiou".

10:54:04.936 * The word "gauge" has "3" vowels.

10:54:05.042 Specifications:	1 executed	1 passed	0 failed	0 skipped
10:54:05.042 Scenarios:	1 executed	1 passed	0 failed	0 skipped
10:54:05.042 
Total time taken: 35ms
10:54:28.187 Checking updates...
10:54:31.064 Unable to start plugin html-report. Plugin html-report is not installed. To install, run `gauge --install html-report`.
10:54:31.069 # Specification Heading
10:54:31.070 ## Vowel counts in single word
10:54:31.070 * Vowels in English language are "aeiou".

10:54:31.080 * The word "gauge" has "3" vowels.

10:54:31.185 Specifications:	1 executed	1 passed	0 failed	0 skipped
10:54:31.185 Scenarios:	1 executed	1 passed	0 failed	0 skipped
10:54:31.185 
Total time taken: 21ms
13:32:36.723 Checking updates...
13:32:41.580 Unable to start plugin html-report. Plugin html-report is not installed. To install, run `gauge --install html-report`.
13:32:41.588 C:\Users\Pablo Henrique\IdeaProjects\TestesAceitacao\specs\atividade_ensino.spec:12 No steps found in scenario
13:32:41.588 # Specification Heading
13:32:41.691 Specifications:	0 executed	0 passed	0 failed	1 skipped
13:32:41.691 Scenarios:	0 executed	0 passed	0 failed	1 skipped
13:32:41.691 
Total time taken: 11ms
13:33:27.875 Checking updates...
13:33:32.662 Unable to start plugin html-report. Plugin html-report is not installed. To install, run `gauge --install html-report`.
13:33:32.668 # Specification Heading
13:33:32.668 ## Vowel counts in single word
13:33:32.669 * Vowels in English language are "aeiou".

13:33:32.680 * The word "gauge" has "3" vowels.

13:33:32.785 Specifications:	1 executed	1 passed	0 failed	0 skipped
13:33:32.785 Scenarios:	1 executed	1 passed	0 failed	0 skipped
13:33:32.785 
Total time taken: 22ms
13:34:20.457 Checking updates...
13:34:24.111 Unable to start plugin html-report. Plugin html-report is not installed. To install, run `gauge --install html-report`.
13:34:24.116 # Specification Heading
13:34:24.116 C:\Users\Pablo Henrique\IdeaProjects\TestesAceitacao\specs\atividade_ensino.spec:10 No steps found in scenario
13:34:24.219 Specifications:	0 executed	0 passed	0 failed	1 skipped
13:34:24.219 Scenarios:	0 executed	0 passed	0 failed	1 skipped
13:34:24.219 
Total time taken: 7ms
13:37:09.499 Checking updates...
13:37:12.879 Unable to start plugin html-report. Plugin html-report is not installed. To install, run `gauge --install html-report`.
13:37:12.884 # Specification Heading
13:37:12.885 C:\Users\Pablo Henrique\IdeaProjects\TestesAceitacao\specs\atividade_ensino.spec:10 No steps found in scenario
13:37:12.987 Specifications:	0 executed	0 passed	0 failed	1 skipped
13:37:12.987 Scenarios:	0 executed	0 passed	0 failed	1 skipped
13:37:12.987 
Total time taken: 7ms
13:37:24.171 Checking updates...
13:37:27.331 Unable to start plugin html-report. Plugin html-report is not installed. To install, run `gauge --install html-report`.
13:37:27.336 # Specification Heading
13:37:27.336 ## Vowel counts in single word
13:37:27.336 * Vowels in English language are "aeiou".

13:37:27.349 * The word "gauge" has "3" vowels.

13:37:27.455 Specifications:	1 executed	1 passed	0 failed	0 skipped
13:37:27.455 Scenarios:	1 executed	1 passed	0 failed	0 skipped
13:37:27.455 
Total time taken: 23ms
13:38:12.754 Checking updates...
13:38:16.201 Unable to start plugin html-report. Plugin html-report is not installed. To install, run `gauge --install html-report`.
13:38:16.206 # Specification Heading
13:38:16.206 C:\Users\Pablo Henrique\IdeaProjects\TestesAceitacao\specs\atividade_ensino.spec:10 No steps found in scenario
13:38:16.307 Specifications:	0 executed	0 passed	0 failed	1 skipped
13:38:16.307 Scenarios:	0 executed	0 passed	0 failed	1 skipped
13:38:16.307 
Total time taken: 6ms
13:40:09.637 Checking updates...
13:40:13.181 Unable to start plugin html-report. Plugin html-report is not installed. To install, run `gauge --install html-report`.
13:40:13.186 # Specification Heading
13:40:13.186 ## Vowel counts in single word
13:40:13.187 * Vowels in English language are "aeiou".

13:40:13.199 * The word "gauge" has "3" vowels.

13:40:13.306 Specifications:	1 executed	1 passed	0 failed	0 skipped
13:40:13.306 Scenarios:	1 executed	1 passed	0 failed	0 skipped
13:40:13.306 
Total time taken: 23ms
13:40:17.394 Checking updates...
13:40:26.320 Unable to start plugin html-report. Plugin html-report is not installed. To install, run `gauge --install html-report`.
13:40:26.326 # Specification Heading
13:40:26.327 ## Vowel counts in single word
13:40:26.327 * Vowels in English language are "aeiou".

13:41:31.516 Checking updates...
13:41:35.067 Unable to start plugin html-report. Plugin html-report is not installed. To install, run `gauge --install html-report`.
13:41:35.073 # Specification Heading
13:41:35.073 C:\Users\Pablo Henrique\IdeaProjects\TestesAceitacao\specs\atividade_ensino.spec:10 No steps found in scenario
13:41:35.174 Specifications:	0 executed	0 passed	0 failed	1 skipped
13:41:35.174 Scenarios:	0 executed	0 passed	0 failed	1 skipped
13:41:35.174 
Total time taken: 7ms
13:41:49.569 Checking updates...
13:41:52.861 Unable to start plugin html-report. Plugin html-report is not installed. To install, run `gauge --install html-report`.
13:41:52.868 # Specification Heading
13:41:52.868 ## Vowel counts in single word
13:41:52.869 * Vowels in English language are "aeiou".

13:41:52.881 * The word "gauge" has "3" vowels.

13:41:52.986 Specifications:	1 executed	1 passed	0 failed	0 skipped
13:41:52.986 Scenarios:	1 executed	1 passed	0 failed	0 skipped
13:41:52.986 
Total time taken: 24ms
13:48:03.916 Checking updates...
13:48:07.284 Unable to start plugin html-report. Plugin html-report is not installed. To install, run `gauge --install html-report`.
13:48:07.290 # Specification Heading
13:48:07.291 C:\Users\Pablo Henrique\IdeaProjects\TestesAceitacao\specs\atividade_ensino.spec:10 No steps found in scenario
13:48:07.392 Specifications:	0 executed	0 passed	0 failed	1 skipped
13:48:07.392 Scenarios:	0 executed	0 passed	0 failed	1 skipped
13:48:07.392 
Total time taken: 8ms
13:49:34.235 Checking updates...
13:49:42.487 Unable to start plugin html-report. Plugin html-report is not installed. To install, run `gauge --install html-report`.
13:49:42.493 # Specification Heading
13:49:42.493 C:\Users\Pablo Henrique\IdeaProjects\TestesAceitacao\specs\atividade_ensino.spec:10 No steps found in scenario
13:49:42.597 Specifications:	0 executed	0 passed	0 failed	1 skipped
13:49:42.597 Scenarios:	0 executed	0 passed	0 failed	1 skipped
13:49:42.597 
Total time taken: 10ms
14:20:24.773 Checking updates...
14:20:27.991 [ValidationError] C:\Users\Pablo Henrique\IdeaProjects\TestesAceitacao\specs\atividade_ensino.spec:15: Step implementation not found => 'Pontuacao nas Aulas de Ensino a Distancia com chaeadg "200".'
14:20:27.992 [ValidationError] C:\Users\Pablo Henrique\IdeaProjects\TestesAceitacao\specs\atividade_ensino.spec:20: Step implementation not found => 'Pontuacao Aulas Presenciais Pos-Graduacao com chapg "200"'
14:20:27.992 [ValidationError] C:\Users\Pablo Henrique\IdeaProjects\TestesAceitacao\specs\atividade_ensino.spec:25: Step implementation not found => 'Pontuacao ensino a distancia na Pos-Graduacao com chaeadpg "200"'
14:20:27.992 [ValidationError] C:\Users\Pablo Henrique\IdeaProjects\TestesAceitacao\specs\atividade_ensino.spec:30: Step implementation not found => 'Somatoria pontos presenciais e a distancia pos-graduacao <table>'
14:20:27.992 Unable to start plugin html-report. Plugin html-report is not installed. To install, run `gauge --install html-report`.
14:20:27.998 # Specification Heading
14:20:27.999 C:\Users\Pablo Henrique\IdeaProjects\TestesAceitacao\specs\atividade_ensino.spec:39 No steps found in scenario
14:20:28.100 Specifications:	0 executed	0 passed	0 failed	1 skipped
14:20:28.100 Scenarios:	0 executed	0 passed	0 failed	5 skipped
14:20:28.100 
Total time taken: 8ms
14:20:49.383 Checking updates...
14:20:52.546 [ValidationError] C:\Users\Pablo Henrique\IdeaProjects\TestesAceitacao\specs\atividade_ensino.spec:16: Step implementation not found => 'Pontuacao nas Aulas de Ensino a Distancia com chaeadg "200".'
14:20:52.546 [ValidationError] C:\Users\Pablo Henrique\IdeaProjects\TestesAceitacao\specs\atividade_ensino.spec:21: Step implementation not found => 'Pontuacao Aulas Presenciais Pos-Graduacao com chapg "200"'
14:20:52.546 [ValidationError] C:\Users\Pablo Henrique\IdeaProjects\TestesAceitacao\specs\atividade_ensino.spec:26: Step implementation not found => 'Pontuacao ensino a distancia na Pos-Graduacao com chaeadpg "200"'
14:20:52.546 [ValidationError] C:\Users\Pablo Henrique\IdeaProjects\TestesAceitacao\specs\atividade_ensino.spec:31: Step implementation not found => 'Somatoria pontos presenciais e a distancia pos-graduacao <table>'
14:20:52.546 Unable to start plugin html-report. Plugin html-report is not installed. To install, run `gauge --install html-report`.
14:20:52.551 # Specification Heading
14:20:52.552 C:\Users\Pablo Henrique\IdeaProjects\TestesAceitacao\specs\atividade_ensino.spec:40 No steps found in scenario
14:20:52.653 Specifications:	0 executed	0 passed	0 failed	1 skipped
14:20:52.653 Scenarios:	0 executed	0 passed	0 failed	5 skipped
14:20:52.653 
Total time taken: 6ms
14:21:08.578 Checking updates...
14:21:12.101 [ValidationError] C:\Users\Pablo Henrique\IdeaProjects\TestesAceitacao\specs\atividade_ensino.spec:16: Step implementation not found => 'Pontuacao nas Aulas de Ensino a Distancia com chaeadg "200".'
14:21:12.101 [ValidationError] C:\Users\Pablo Henrique\IdeaProjects\TestesAceitacao\specs\atividade_ensino.spec:21: Step implementation not found => 'Pontuacao Aulas Presenciais Pos-Graduacao com chapg "200"'
14:21:12.101 [ValidationError] C:\Users\Pablo Henrique\IdeaProjects\TestesAceitacao\specs\atividade_ensino.spec:26: Step implementation not found => 'Pontuacao ensino a distancia na Pos-Graduacao com chaeadpg "200"'
14:21:12.101 [ValidationError] C:\Users\Pablo Henrique\IdeaProjects\TestesAceitacao\specs\atividade_ensino.spec:31: Step implementation not found => 'Somatoria pontos presenciais e a distancia pos-graduacao <table>'
14:21:12.102 Unable to start plugin html-report. Plugin html-report is not installed. To install, run `gauge --install html-report`.
14:21:12.107 # Specification Heading
14:21:12.108 C:\Users\Pablo Henrique\IdeaProjects\TestesAceitacao\specs\atividade_ensino.spec:40 No steps found in scenario
14:21:12.210 Specifications:	0 executed	0 passed	0 failed	1 skipped
14:21:12.210 Scenarios:	0 executed	0 passed	0 failed	5 skipped
14:21:12.210 
Total time taken: 7ms
14:21:29.071 Checking updates...
14:21:31.133 Unable to start plugin html-report. Plugin html-report is not installed. To install, run `gauge --install html-report`.
14:21:31.138 # Specification Heading
14:21:31.139 ## Vowel counts in single word
14:21:31.139 * Vowels in English language are "aeiou".

14:21:31.150 * The word "gauge" has "3" vowels.

14:21:31.256 Specifications:	1 executed	1 passed	0 failed	0 skipped
14:21:31.256 Scenarios:	1 executed	1 passed	0 failed	0 skipped
14:21:31.256 
Total time taken: 22ms
14:23:58.004 Checking updates...
14:24:06.415 Unable to start plugin html-report. Plugin html-report is not installed. To install, run `gauge --install html-report`.
14:24:06.421 # Specification Heading
14:24:06.422 ## Vowel counts in single word
14:24:06.422 * Vowels in English language are "aeiou".

14:25:29.097 * The word "gauge" has "3" vowels.

14:25:57.614 Specifications:	1 executed	1 passed	0 failed	0 skipped
14:25:57.614 Scenarios:	1 executed	1 passed	0 failed	0 skipped
14:25:57.614 
Total time taken: 1m51.098s
14:27:55.321 Checking updates...
14:28:02.987 Unable to start plugin html-report. Plugin html-report is not installed. To install, run `gauge --install html-report`.
14:28:02.993 # Specification Heading
14:28:02.994 ## Vowel counts in single word
14:28:02.994 * Vowels in English language are "aeiou".

14:28:33.323 * The word "gauge" has "3" vowels.

14:28:45.060 Specifications:	1 executed	1 passed	0 failed	0 skipped
14:28:45.060 Scenarios:	1 executed	1 passed	0 failed	0 skipped
14:28:45.060 
Total time taken: 41.972s
14:54:09.637 [ParseError] C:\Users\Pablo Henrique\IdeaProjects\TestesAceitacao\specs\atividade_ensino.spec:9 Dynamic parameter <200> could not be resolved => 'Carga horaria graduacao aulas presenciais <200>.'
14:54:09.638 [ParseError] C:\Users\Pablo Henrique\IdeaProjects\TestesAceitacao\specs\atividade_ensino.spec:16 Dynamic parameter <100> could not be resolved => 'Carga horaria graduacao aulas a distancia <100>.'
14:54:09.638 [ParseError] C:\Users\Pablo Henrique\IdeaProjects\TestesAceitacao\specs\atividade_ensino.spec:28 Dynamic parameter <100> could not be resolved => 'Carga horaria pos-graduacao aulas presenciais <100>.'
14:54:09.638 [ParseError] C:\Users\Pablo Henrique\IdeaProjects\TestesAceitacao\specs\atividade_ensino.spec:30 Dynamic parameter <50> could not be resolved => 'Carga horaria pos-graduacao aulas a distancia <50>.'
14:54:11.169 Checking updates...
14:54:14.265 [ValidationError] C:\Users\Pablo Henrique\IdeaProjects\TestesAceitacao\specs\atividade_ensino.spec:18: Step implementation not found => 'Calcular pontuacao em aulas a distancia graduacao'
14:54:14.265 [ValidationError] C:\Users\Pablo Henrique\IdeaProjects\TestesAceitacao\specs\atividade_ensino.spec:23: Step implementation not found => 'Calcular pontuacao graduacao.'
14:54:14.265 [ValidationError] C:\Users\Pablo Henrique\IdeaProjects\TestesAceitacao\specs\atividade_ensino.spec:32: Step implementation not found => 'Calcular pontuacao em aulas presenciais pos-graducao.'
14:54:14.265 [ValidationError] C:\Users\Pablo Henrique\IdeaProjects\TestesAceitacao\specs\atividade_ensino.spec:37: Step implementation not found => 'Calcular pontuação em aulas a distancia pos-graduacao.'
14:54:14.265 [ValidationError] C:\Users\Pablo Henrique\IdeaProjects\TestesAceitacao\specs\atividade_ensino.spec:42: Step implementation not found => 'Calcular pontuacao pos-graduacao.'
14:54:14.265 [ValidationError] C:\Users\Pablo Henrique\IdeaProjects\TestesAceitacao\specs\atividade_ensino.spec:46: Step implementation not found => 'Calcular pontuacao atividade de ensino.'
14:55:13.743 [ParseError] C:\Users\Pablo Henrique\IdeaProjects\TestesAceitacao\specs\atividade_ensino.spec:9 Dynamic parameter <200> could not be resolved => 'Carga horaria graduacao aulas presenciais <200>.'
14:55:13.743 [ParseError] C:\Users\Pablo Henrique\IdeaProjects\TestesAceitacao\specs\atividade_ensino.spec:16 Dynamic parameter <100> could not be resolved => 'Carga horaria graduacao aulas a distancia <100>.'
14:55:13.743 [ParseError] C:\Users\Pablo Henrique\IdeaProjects\TestesAceitacao\specs\atividade_ensino.spec:28 Dynamic parameter <100> could not be resolved => 'Carga horaria pos-graduacao aulas presenciais <100>.'
14:55:13.743 [ParseError] C:\Users\Pablo Henrique\IdeaProjects\TestesAceitacao\specs\atividade_ensino.spec:30 Dynamic parameter <50> could not be resolved => 'Carga horaria pos-graduacao aulas a distancia <50>.'
14:55:14.947 Checking updates...
14:55:18.339 [ValidationError] C:\Users\Pablo Henrique\IdeaProjects\TestesAceitacao\specs\atividade_ensino.spec:18: Step implementation not found => 'Calcular pontuacao em aulas a distancia graduacao'
14:55:18.340 [ValidationError] C:\Users\Pablo Henrique\IdeaProjects\TestesAceitacao\specs\atividade_ensino.spec:23: Step implementation not found => 'Calcular pontuacao graduacao.'
14:55:18.340 [ValidationError] C:\Users\Pablo Henrique\IdeaProjects\TestesAceitacao\specs\atividade_ensino.spec:32: Step implementation not found => 'Calcular pontuacao em aulas presenciais pos-graducao.'
14:55:18.340 [ValidationError] C:\Users\Pablo Henrique\IdeaProjects\TestesAceitacao\specs\atividade_ensino.spec:37: Step implementation not found => 'Calcular pontuação em aulas a distancia pos-graduacao.'
14:55:18.340 [ValidationError] C:\Users\Pablo Henrique\IdeaProjects\TestesAceitacao\specs\atividade_ensino.spec:42: Step implementation not found => 'Calcular pontuacao pos-graduacao.'
14:55:18.340 [ValidationError] C:\Users\Pablo Henrique\IdeaProjects\TestesAceitacao\specs\atividade_ensino.spec:46: Step implementation not found => 'Calcular pontuacao atividade de ensino.'
15:15:19.215 [ParseError] C:\Users\Pablo Henrique\IdeaProjects\TestesAceitacao\specs\atividade_ensino.spec:9 Dynamic parameter <200> could not be resolved => 'Carga horaria graduacao aulas presenciais <200>.'
15:15:19.215 [ParseError] C:\Users\Pablo Henrique\IdeaProjects\TestesAceitacao\specs\atividade_ensino.spec:16 Dynamic parameter <100> could not be resolved => 'Carga horaria graduacao aulas a distancia <100>.'
15:15:19.215 [ParseError] C:\Users\Pablo Henrique\IdeaProjects\TestesAceitacao\specs\atividade_ensino.spec:28 Dynamic parameter <100> could not be resolved => 'Carga horaria pos-graduacao aulas presenciais <100>.'
15:15:19.215 [ParseError] C:\Users\Pablo Henrique\IdeaProjects\TestesAceitacao\specs\atividade_ensino.spec:30 Dynamic parameter <50> could not be resolved => 'Carga horaria pos-graduacao aulas a distancia <50>.'
15:15:20.662 Checking updates...
15:15:34.860 [ParseError] C:\Users\Pablo Henrique\IdeaProjects\TestesAceitacao\specs\atividade_ensino.spec:28 Dynamic parameter <100> could not be resolved => 'Carga horaria pos-graduacao aulas presenciais <100>.'
15:15:34.860 [ParseError] C:\Users\Pablo Henrique\IdeaProjects\TestesAceitacao\specs\atividade_ensino.spec:30 Dynamic parameter <50> could not be resolved => 'Carga horaria pos-graduacao aulas a distancia <50>.'
15:15:35.918 Checking updates...
15:15:58.338 Checking updates...
15:16:01.820 Unable to start plugin html-report. Plugin html-report is not installed. To install, run `gauge --install html-report`.
15:16:01.826 # Specification Heading
15:16:01.826 ## Calcular pontuacao em aulas presenciais graduacao
15:16:01.827 * Carga horaria graduacao aulas presenciais "200".

15:16:01.837 * Calcular pontuacao em aulas presenciais graducao

15:16:02.373 
Failed Step: Calcular pontuacao em aulas presenciais graducao
15:16:02.373 Specification: specs\atividade_ensino.spec:11
15:16:02.373 Error Message: java.lang.AssertionError: expected:<100> but was:<62>
15:16:02.373 Stacktrace: 
org.junit.Assert.fail(Assert.java:88)
org.junit.Assert.failNotEquals(Assert.java:834)
org.junit.Assert.assertEquals(Assert.java:645)
org.junit.Assert.assertEquals(Assert.java:631)
StepAtividadeEnsino.calcularPontuacaoAulasPrsenciaisGraduacao(StepAtividadeEnsino.java:31)
sun.reflect.NativeMethodAccessorImpl.invoke0(Native Method)
sun.reflect.NativeMethodAccessorImpl.invoke(NativeMethodAccessorImpl.java:62)
sun.reflect.DelegatingMethodAccessorImpl.invoke(DelegatingMethodAccessorImpl.java:43)
java.lang.reflect.Method.invoke(Method.java:497)
com.thoughtworks.gauge.execution.MethodExecutor.execute(MethodExecutor.java:31)
com.thoughtworks.gauge.execution.StepExecutionStage.executeStepMethod(StepExecutionStage.java:96)
com.thoughtworks.gauge.execution.StepExecutionStage.executeStep(StepExecutionStage.java:77)
com.thoughtworks.gauge.execution.StepExecutionStage.execute(StepExecutionStage.java:58)
com.thoughtworks.gauge.execution.AbstractExecutionStage.executeNext(AbstractExecutionStage.java:24)
com.thoughtworks.gauge.execution.HookExecutionStage.execute(HookExecutionStage.java:42)
com.thoughtworks.gauge.execution.ExecutionPipeline.start(ExecutionPipeline.java:31)
com.thoughtworks.gauge.processor.ExecuteStepProcessor.process(ExecuteStepProcessor.java:34)
com.thoughtworks.gauge.connection.MessageDispatcher.dispatchMessages(MessageDispatcher.java:72)
com.thoughtworks.gauge.GaugeRuntime.main(GaugeRuntime.java:37)
15:16:02.374 ## Calcular pontuacao em aulas a distancia graduacao
15:16:02.376 * Carga horaria graduacao aulas presenciais "200".

15:16:02.376 * Calcular pontuacao em aulas presenciais graducao

15:16:02.611 
Failed Step: Calcular pontuacao em aulas presenciais graducao
15:16:02.612 Specification: specs\atividade_ensino.spec:11
15:16:02.612 Error Message: java.lang.AssertionError: expected:<100> but was:<62>
15:16:02.612 Stacktrace: 
org.junit.Assert.fail(Assert.java:88)
org.junit.Assert.failNotEquals(Assert.java:834)
org.junit.Assert.assertEquals(Assert.java:645)
org.junit.Assert.assertEquals(Assert.java:631)
StepAtividadeEnsino.calcularPontuacaoAulasPrsenciaisGraduacao(StepAtividadeEnsino.java:31)
sun.reflect.NativeMethodAccessorImpl.invoke0(Native Method)
sun.reflect.NativeMethodAccessorImpl.invoke(NativeMethodAccessorImpl.java:62)
sun.reflect.DelegatingMethodAccessorImpl.invoke(DelegatingMethodAccessorImpl.java:43)
java.lang.reflect.Method.invoke(Method.java:497)
com.thoughtworks.gauge.execution.MethodExecutor.execute(MethodExecutor.java:31)
com.thoughtworks.gauge.execution.StepExecutionStage.executeStepMethod(StepExecutionStage.java:96)
com.thoughtworks.gauge.execution.StepExecutionStage.executeStep(StepExecutionStage.java:77)
com.thoughtworks.gauge.execution.StepExecutionStage.execute(StepExecutionStage.java:58)
com.thoughtworks.gauge.execution.AbstractExecutionStage.executeNext(AbstractExecutionStage.java:24)
com.thoughtworks.gauge.execution.HookExecutionStage.execute(HookExecutionStage.java:42)
com.thoughtworks.gauge.execution.ExecutionPipeline.start(ExecutionPipeline.java:31)
com.thoughtworks.gauge.processor.ExecuteStepProcessor.process(ExecuteStepProcessor.java:34)
com.thoughtworks.gauge.connection.MessageDispatcher.dispatchMessages(MessageDispatcher.java:72)
com.thoughtworks.gauge.GaugeRuntime.main(GaugeRuntime.java:37)
15:16:02.612 ## Calcular pontos ensino graduacao
15:16:02.613 * Carga horaria graduacao aulas presenciais "200".

15:16:02.613 * Calcular pontuacao em aulas presenciais graducao

15:16:02.876 
Failed Step: Calcular pontuacao em aulas presenciais graducao
15:16:02.876 Specification: specs\atividade_ensino.spec:11
15:16:02.876 Error Message: java.lang.AssertionError: expected:<100> but was:<62>
15:16:02.876 Stacktrace: 
org.junit.Assert.fail(Assert.java:88)
org.junit.Assert.failNotEquals(Assert.java:834)
org.junit.Assert.assertEquals(Assert.java:645)
org.junit.Assert.assertEquals(Assert.java:631)
StepAtividadeEnsino.calcularPontuacaoAulasPrsenciaisGraduacao(StepAtividadeEnsino.java:31)
sun.reflect.NativeMethodAccessorImpl.invoke0(Native Method)
sun.reflect.NativeMethodAccessorImpl.invoke(NativeMethodAccessorImpl.java:62)
sun.reflect.DelegatingMethodAccessorImpl.invoke(DelegatingMethodAccessorImpl.java:43)
java.lang.reflect.Method.invoke(Method.java:497)
com.thoughtworks.gauge.execution.MethodExecutor.execute(MethodExecutor.java:31)
com.thoughtworks.gauge.execution.StepExecutionStage.executeStepMethod(StepExecutionStage.java:96)
com.thoughtworks.gauge.execution.StepExecutionStage.executeStep(StepExecutionStage.java:77)
com.thoughtworks.gauge.execution.StepExecutionStage.execute(StepExecutionStage.java:58)
com.thoughtworks.gauge.execution.AbstractExecutionStage.executeNext(AbstractExecutionStage.java:24)
com.thoughtworks.gauge.execution.HookExecutionStage.execute(HookExecutionStage.java:42)
com.thoughtworks.gauge.execution.ExecutionPipeline.start(ExecutionPipeline.java:31)
com.thoughtworks.gauge.processor.ExecuteStepProcessor.process(ExecuteStepProcessor.java:34)
com.thoughtworks.gauge.connection.MessageDispatcher.dispatchMessages(MessageDispatcher.java:72)
com.thoughtworks.gauge.GaugeRuntime.main(GaugeRuntime.java:37)
15:16:02.877 ## Calcular pontuacao em aulas presenciais pos-graduacao
15:16:02.877 * Carga horaria graduacao aulas presenciais "200".

15:16:02.878 * Calcular pontuacao em aulas presenciais graducao

15:16:03.163 
Failed Step: Calcular pontuacao em aulas presenciais graducao
15:16:03.163 Specification: specs\atividade_ensino.spec:11
15:16:03.163 Error Message: java.lang.AssertionError: expected:<100> but was:<62>
15:16:03.163 Stacktrace: 
org.junit.Assert.fail(Assert.java:88)
org.junit.Assert.failNotEquals(Assert.java:834)
org.junit.Assert.assertEquals(Assert.java:645)
org.junit.Assert.assertEquals(Assert.java:631)
StepAtividadeEnsino.calcularPontuacaoAulasPrsenciaisGraduacao(StepAtividadeEnsino.java:31)
sun.reflect.NativeMethodAccessorImpl.invoke0(Native Method)
sun.reflect.NativeMethodAccessorImpl.invoke(NativeMethodAccessorImpl.java:62)
sun.reflect.DelegatingMethodAccessorImpl.invoke(DelegatingMethodAccessorImpl.java:43)
java.lang.reflect.Method.invoke(Method.java:497)
com.thoughtworks.gauge.execution.MethodExecutor.execute(MethodExecutor.java:31)
com.thoughtworks.gauge.execution.StepExecutionStage.executeStepMethod(StepExecutionStage.java:96)
com.thoughtworks.gauge.execution.StepExecutionStage.executeStep(StepExecutionStage.java:77)
com.thoughtworks.gauge.execution.StepExecutionStage.execute(StepExecutionStage.java:58)
com.thoughtworks.gauge.execution.AbstractExecutionStage.executeNext(AbstractExecutionStage.java:24)
com.thoughtworks.gauge.execution.HookExecutionStage.execute(HookExecutionStage.java:42)
com.thoughtworks.gauge.execution.ExecutionPipeline.start(ExecutionPipeline.java:31)
com.thoughtworks.gauge.processor.ExecuteStepProcessor.process(ExecuteStepProcessor.java:34)
com.thoughtworks.gauge.connection.MessageDispatcher.dispatchMessages(MessageDispatcher.java:72)
com.thoughtworks.gauge.GaugeRuntime.main(GaugeRuntime.java:37)
15:16:03.163 ## Calcular pontuacao em aulas a distancia pos-graduacao
15:16:03.164 * Carga horaria graduacao aulas presenciais "200".

15:16:03.166 * Calcular pontuacao em aulas presenciais graducao

15:16:03.461 
Failed Step: Calcular pontuacao em aulas presenciais graducao
15:16:03.461 Specification: specs\atividade_ensino.spec:11
15:16:03.461 Error Message: java.lang.AssertionError: expected:<100> but was:<62>
15:16:03.461 Stacktrace: 
org.junit.Assert.fail(Assert.java:88)
org.junit.Assert.failNotEquals(Assert.java:834)
org.junit.Assert.assertEquals(Assert.java:645)
org.junit.Assert.assertEquals(Assert.java:631)
StepAtividadeEnsino.calcularPontuacaoAulasPrsenciaisGraduacao(StepAtividadeEnsino.java:31)
sun.reflect.NativeMethodAccessorImpl.invoke0(Native Method)
sun.reflect.NativeMethodAccessorImpl.invoke(NativeMethodAccessorImpl.java:62)
sun.reflect.DelegatingMethodAccessorImpl.invoke(DelegatingMethodAccessorImpl.java:43)
java.lang.reflect.Method.invoke(Method.java:497)
com.thoughtworks.gauge.execution.MethodExecutor.execute(MethodExecutor.java:31)
com.thoughtworks.gauge.execution.StepExecutionStage.executeStepMethod(StepExecutionStage.java:96)
com.thoughtworks.gauge.execution.StepExecutionStage.executeStep(StepExecutionStage.java:77)
com.thoughtworks.gauge.execution.StepExecutionStage.execute(StepExecutionStage.java:58)
com.thoughtworks.gauge.execution.AbstractExecutionStage.executeNext(AbstractExecutionStage.java:24)
com.thoughtworks.gauge.execution.HookExecutionStage.execute(HookExecutionStage.java:42)
com.thoughtworks.gauge.execution.ExecutionPipeline.start(ExecutionPipeline.java:31)
com.thoughtworks.gauge.processor.ExecuteStepProcessor.process(ExecuteStepProcessor.java:34)
com.thoughtworks.gauge.connection.MessageDispatcher.dispatchMessages(MessageDispatcher.java:72)
com.thoughtworks.gauge.GaugeRuntime.main(GaugeRuntime.java:37)
15:16:03.461 ## Calcular pontuacao pos-graduacao
15:16:03.464 * Carga horaria graduacao aulas presenciais "200".

15:16:03.466 * Calcular pontuacao em aulas presenciais graducao

15:16:03.922 
Failed Step: Calcular pontuacao em aulas presenciais graducao
15:16:03.922 Specification: specs\atividade_ensino.spec:11
15:16:03.922 Error Message: java.lang.AssertionError: expected:<100> but was:<62>
15:16:03.922 Stacktrace: 
org.junit.Assert.fail(Assert.java:88)
org.junit.Assert.failNotEquals(Assert.java:834)
org.junit.Assert.assertEquals(Assert.java:645)
org.junit.Assert.assertEquals(Assert.java:631)
StepAtividadeEnsino.calcularPontuacaoAulasPrsenciaisGraduacao(StepAtividadeEnsino.java:31)
sun.reflect.NativeMethodAccessorImpl.invoke0(Native Method)
sun.reflect.NativeMethodAccessorImpl.invoke(NativeMethodAccessorImpl.java:62)
sun.reflect.DelegatingMethodAccessorImpl.invoke(DelegatingMethodAccessorImpl.java:43)
java.lang.reflect.Method.invoke(Method.java:497)
com.thoughtworks.gauge.execution.MethodExecutor.execute(MethodExecutor.java:31)
com.thoughtworks.gauge.execution.StepExecutionStage.executeStepMethod(StepExecutionStage.java:96)
com.thoughtworks.gauge.execution.StepExecutionStage.executeStep(StepExecutionStage.java:77)
com.thoughtworks.gauge.execution.StepExecutionStage.execute(StepExecutionStage.java:58)
com.thoughtworks.gauge.execution.AbstractExecutionStage.executeNext(AbstractExecutionStage.java:24)
com.thoughtworks.gauge.execution.HookExecutionStage.execute(HookExecutionStage.java:42)
com.thoughtworks.gauge.execution.ExecutionPipeline.start(ExecutionPipeline.java:31)
com.thoughtworks.gauge.processor.ExecuteStepProcessor.process(ExecuteStepProcessor.java:34)
com.thoughtworks.gauge.connection.MessageDispatcher.dispatchMessages(MessageDispatcher.java:72)
com.thoughtworks.gauge.GaugeRuntime.main(GaugeRuntime.java:37)
15:16:03.922 C:\Users\Pablo Henrique\IdeaProjects\TestesAceitacao\specs\atividade_ensino.spec:47 No steps found in scenario
15:16:04.725 Specifications:	1 executed	0 passed	1 failed	0 skipped
15:16:04.725 Scenarios:	6 executed	0 passed	6 failed	1 skipped
15:16:04.725 
Total time taken: 2.102s
15:17:37.889 Checking updates...
15:17:39.651 Unable to start plugin html-report. Plugin html-report is not installed. To install, run `gauge --install html-report`.
15:17:39.656 # Specification Heading
15:17:39.656 ## Calcular pontuacao em aulas presenciais graduacao
15:17:39.657 * Carga horaria graduacao aulas presenciais "200".

15:17:39.666 * Calcular pontuacao em aulas presenciais graducao

15:17:39.669 * Carga horaria graduacao aulas a distancia "100".

15:17:39.670 * Calcular pontuacao em aulas a distancia graduacao

15:17:40.268 
Failed Step: Calcular pontuacao em aulas a distancia graduacao
15:17:40.268 Specification: specs\atividade_ensino.spec:18
15:17:40.268 Error Message: java.lang.AssertionError: expected:<62> but was:<31>
15:17:40.268 Stacktrace: 
org.junit.Assert.fail(Assert.java:88)
org.junit.Assert.failNotEquals(Assert.java:834)
org.junit.Assert.assertEquals(Assert.java:645)
org.junit.Assert.assertEquals(Assert.java:631)
StepAtividadeEnsino.calcularPontuacaoAulasADistanciaGraduacao(StepAtividadeEnsino.java:42)
sun.reflect.NativeMethodAccessorImpl.invoke0(Native Method)
sun.reflect.NativeMethodAccessorImpl.invoke(NativeMethodAccessorImpl.java:62)
sun.reflect.DelegatingMethodAccessorImpl.invoke(DelegatingMethodAccessorImpl.java:43)
java.lang.reflect.Method.invoke(Method.java:497)
com.thoughtworks.gauge.execution.MethodExecutor.execute(MethodExecutor.java:31)
com.thoughtworks.gauge.execution.StepExecutionStage.executeStepMethod(StepExecutionStage.java:96)
com.thoughtworks.gauge.execution.StepExecutionStage.executeStep(StepExecutionStage.java:77)
com.thoughtworks.gauge.execution.StepExecutionStage.execute(StepExecutionStage.java:58)
com.thoughtworks.gauge.execution.AbstractExecutionStage.executeNext(AbstractExecutionStage.java:24)
com.thoughtworks.gauge.execution.HookExecutionStage.execute(HookExecutionStage.java:42)
com.thoughtworks.gauge.execution.ExecutionPipeline.start(ExecutionPipeline.java:31)
com.thoughtworks.gauge.processor.ExecuteStepProcessor.process(ExecuteStepProcessor.java:34)
com.thoughtworks.gauge.connection.MessageDispatcher.dispatchMessages(MessageDispatcher.java:72)
com.thoughtworks.gauge.GaugeRuntime.main(GaugeRuntime.java:37)
15:17:40.269 ## Calcular pontuacao em aulas a distancia graduacao
15:17:40.270 * Carga horaria graduacao aulas presenciais "200".

15:17:40.270 * Calcular pontuacao em aulas presenciais graducao

15:17:40.271 * Calcular pontuacao graduacao.

15:17:40.272 ## Calcular pontos ensino graduacao
15:17:40.272 * Carga horaria graduacao aulas presenciais "200".

15:17:40.272 * Calcular pontuacao em aulas presenciais graducao

15:17:40.273 * Carga horaria pos-graduacao aulas presenciais "100".

15:17:40.274 * Carga horaria pos-graduacao aulas a distancia "50".

15:17:40.275 * Calcular pontuacao em aulas presenciais pos-graducao.

15:17:40.277 ## Calcular pontuacao em aulas presenciais pos-graduacao
15:17:40.278 * Carga horaria graduacao aulas presenciais "200".

15:17:40.278 * Calcular pontuacao em aulas presenciais graducao

15:17:40.279 * Calcular pontuação em aulas a distancia pos-graduacao.

15:17:40.280 ## Calcular pontuacao em aulas a distancia pos-graduacao
15:17:40.280 * Carga horaria graduacao aulas presenciais "200".

15:17:40.280 * Calcular pontuacao em aulas presenciais graducao

15:17:40.281 * Calcular pontuacao pos-graduacao.
15:17:40.282 ## Calcular pontuacao pos-graduacao
15:17:40.282 * Carga horaria graduacao aulas presenciais "200".

15:17:40.283 * Calcular pontuacao em aulas presenciais graducao

15:17:40.284 * Calcular pontuacao atividade de ensino.
15:17:40.284 C:\Users\Pablo Henrique\IdeaProjects\TestesAceitacao\specs\atividade_ensino.spec:47 No steps found in scenario
15:17:40.988 Specifications:	1 executed	0 passed	1 failed	0 skipped
15:17:40.988 Scenarios:	6 executed	5 passed	1 failed	1 skipped
15:17:40.988 
Total time taken: 633ms
15:18:38.657 Checking updates...
15:18:42.378 Unable to start plugin html-report. Plugin html-report is not installed. To install, run `gauge --install html-report`.
15:18:42.384 # Specification Heading
15:18:42.385 ## Calcular pontuacao em aulas presenciais graduacao
15:18:42.385 * Carga horaria graduacao aulas presenciais "200".

15:18:42.395 * Calcular pontuacao em aulas presenciais graducao

15:18:42.398 * Carga horaria graduacao aulas a distancia "100".

15:18:42.399 * Calcular pontuacao em aulas a distancia graduacao

15:18:42.400 ## Calcular pontuacao em aulas a distancia graduacao
15:18:42.401 * Carga horaria graduacao aulas presenciais "200".

15:18:42.402 * Calcular pontuacao em aulas presenciais graducao

15:18:42.402 * Calcular pontuacao graduacao.

15:18:42.403 ## Calcular pontos ensino graduacao
15:18:42.404 * Carga horaria graduacao aulas presenciais "200".

15:18:42.404 * Calcular pontuacao em aulas presenciais graducao

15:18:42.405 * Carga horaria pos-graduacao aulas presenciais "100".

15:18:42.405 * Carga horaria pos-graduacao aulas a distancia "50".

15:18:42.406 * Calcular pontuacao em aulas presenciais pos-graducao.

15:18:42.407 ## Calcular pontuacao em aulas presenciais pos-graduacao
15:18:42.407 * Carga horaria graduacao aulas presenciais "200".

15:18:42.408 * Calcular pontuacao em aulas presenciais graducao

15:18:42.408 * Calcular pontuação em aulas a distancia pos-graduacao.

15:18:42.409 ## Calcular pontuacao em aulas a distancia pos-graduacao
15:18:42.409 * Carga horaria graduacao aulas presenciais "200".

15:18:42.410 * Calcular pontuacao em aulas presenciais graducao

15:18:42.410 * Calcular pontuacao pos-graduacao.
15:18:42.412 ## Calcular pontuacao pos-graduacao
15:18:42.413 * Carga horaria graduacao aulas presenciais "200".

15:18:42.414 * Calcular pontuacao em aulas presenciais graducao

15:18:42.414 * Calcular pontuacao atividade de ensino.
15:18:42.415 C:\Users\Pablo Henrique\IdeaProjects\TestesAceitacao\specs\atividade_ensino.spec:47 No steps found in scenario
15:18:42.517 Specifications:	1 executed	1 passed	0 failed	0 skipped
15:18:42.517 Scenarios:	6 executed	6 passed	0 failed	1 skipped
15:18:42.517 
Total time taken: 37ms
16:29:17.772 Checking updates...
16:29:21.036 Unable to start plugin html-report. Plugin html-report is not installed. To install, run `gauge --install html-report`.
16:29:21.045 # Specification Heading
16:29:21.045 ## Calcular pontuacao em aulas presenciais graduacao
16:29:21.046 * Carga horaria graduacao aulas presenciais "200".

16:29:21.061 * Calcular pontuacao em aulas presenciais graducao

16:29:21.064 * Carga horaria graduacao aulas a distancia "100".

16:29:21.065 * Calcular pontuacao em aulas a distancia graduacao

16:29:21.067 ## Calcular pontuacao em aulas a distancia graduacao
16:29:21.067 * Carga horaria graduacao aulas presenciais "200".

16:29:21.068 * Calcular pontuacao em aulas presenciais graducao

16:29:21.068 * Calcular pontuacao graduacao.

16:29:21.069 ## Calcular pontos ensino graduacao
16:29:21.070 * Carga horaria graduacao aulas presenciais "200".

16:29:21.070 * Calcular pontuacao em aulas presenciais graducao

16:29:21.071 * Carga horaria pos-graduacao aulas presenciais "100".

16:29:21.072 * Carga horaria pos-graduacao aulas a distancia "50".

16:29:21.072 * Calcular pontuacao em aulas presenciais pos-graducao.

16:29:21.073 ## Calcular pontuacao em aulas presenciais pos-graduacao
16:29:21.074 * Carga horaria graduacao aulas presenciais "200".

16:29:21.074 * Calcular pontuacao em aulas presenciais graducao

16:29:21.075 * Calcular pontuação em aulas a distancia pos-graduacao.

16:29:21.075 ## Calcular pontuacao em aulas a distancia pos-graduacao
16:29:21.075 * Carga horaria graduacao aulas presenciais "200".

16:29:21.076 * Calcular pontuacao em aulas presenciais graducao

16:29:21.077 * Calcular pontuacao pos-graduacao.
16:29:21.077 ## Calcular pontuacao pos-graduacao
16:29:21.078 * Carga horaria graduacao aulas presenciais "200".

16:29:21.078 * Calcular pontuacao em aulas presenciais graducao

16:29:21.079 * Calcular pontuacao atividade de ensino.
16:29:21.080 C:\Users\Pablo Henrique\IdeaProjects\TestesAceitacao\specs\atividade_ensino.spec:47 No steps found in scenario
16:29:21.180 Specifications:	1 executed	1 passed	0 failed	0 skipped
16:29:21.180 Scenarios:	6 executed	6 passed	0 failed	1 skipped
16:29:21.180 
Total time taken: 44ms
18:20:29.307 Got a kill message. Killing runner.
18:20:33.351 Killing runner with PID:12640 forcefully
18:48:34.690 Checking updates...
18:48:34.693 Failed to download java-install.json file: Get https://downloads.getgauge.io/plugin/java?l=java&p=java&o=windows&a=amd64: dial tcp: lookup downloads.getgauge.io: getaddrinfow: Este host não é conhecido.
18:48:40.878 Unable to start plugin html-report. Plugin html-report is not installed. To install, run `gauge --install html-report`.
18:48:40.886 # Specification Heading
18:48:40.887 ## Calcular pontuacao em aulas presenciais graduacao
18:48:40.902 * Carga horaria graduacao aulas presenciais "200".

18:48:40.905 * Calcular pontuacao em aulas presenciais graducao

18:48:40.909 * Carga horaria graduacao aulas a distancia "100".

18:48:40.911 * Calcular pontuacao em aulas a distancia graduacao

18:48:41.016 Specifications:	1 executed	1 passed	0 failed	0 skipped
18:48:41.016 Scenarios:	1 executed	1 passed	0 failed	0 skipped
18:48:41.016 
Total time taken: 36ms
18:48:58.935 Checking updates...
18:48:58.937 Failed to download java-install.json file: Get https://downloads.getgauge.io/plugin/java?l=java&p=java&o=windows&a=amd64: dial tcp: lookup downloads.getgauge.io: getaddrinfow: Este host não é conhecido.
18:49:04.398 Unable to start plugin html-report. Plugin html-report is not installed. To install, run `gauge --install html-report`.
18:49:04.404 # Specification Heading
18:49:04.404 ## Calcular pontuacao em aulas a distancia graduacao
18:49:04.405 * Carga horaria graduacao aulas presenciais "200".

18:49:04.423 * Calcular pontuacao em aulas presenciais graducao

18:49:04.427 * Calcular pontuacao graduacao.

18:49:04.532 Specifications:	1 executed	1 passed	0 failed	0 skipped
18:49:04.532 Scenarios:	1 executed	1 passed	0 failed	0 skipped
18:49:04.532 
Total time taken: 34ms
23:52:15.942 Got a kill message. Killing runner.
23:52:20.023 Killing runner with PID:9172 forcefully
04:08:50.456 Checking updates...
04:09:00.827 Unable to start plugin html-report. Plugin html-report is not installed. To install, run `gauge --install html-report`.
04:09:00.862 # Specification Heading
04:09:00.862 ## Calcular pontuacao em aulas presenciais graduacao
04:09:00.864 * Carga horaria graduacao aulas presenciais "200".

04:09:01.605 * Calcular pontuacao em aulas presenciais graducao

04:09:03.692 * Carga horaria graduacao aulas a distancia "100".

04:09:03.693 * Calcular pontuacao em aulas a distancia graduacao

04:09:03.803 Specifications:	1 executed	1 passed	0 failed	0 skipped
04:09:03.803 Scenarios:	1 executed	1 passed	0 failed	0 skipped
04:09:03.803 
Total time taken: 2.876s
04:09:59.775 Checking updates...
04:10:08.167 Unable to start plugin html-report. Plugin html-report is not installed. To install, run `gauge --install html-report`.
04:10:08.178 # Specification Heading
04:10:08.178 ## Calcular pontuacao em aulas presenciais graduacao
04:10:08.179 * Carga horaria graduacao aulas presenciais "200".

04:10:08.862 * Calcular pontuacao em aulas presenciais graducao

04:10:30.802 * Carga horaria graduacao aulas a distancia "100".

04:10:30.805 * Calcular pontuacao em aulas a distancia graduacao

04:10:30.915 Specifications:	1 executed	1 passed	0 failed	0 skipped
04:10:30.915 Scenarios:	1 executed	1 passed	0 failed	0 skipped
04:10:30.915 
Total time taken: 22.647s
04:10:51.137 Checking updates...
04:11:00.384 Unable to start plugin html-report. Plugin html-report is not installed. To install, run `gauge --install html-report`.
04:11:00.393 # Specification Heading
04:11:00.393 ## Calcular pontuacao em aulas presenciais graduacao
04:11:00.394 * Carga horaria graduacao aulas presenciais "200".

04:11:01.126 * Calcular pontuacao em aulas presenciais graducao

04:11:23.972 
Failed Step: Calcular pontuacao em aulas presenciais graducao
04:11:23.972 Specification: specs\atividade_ensino.spec:9
04:11:23.972 Error Message: wiremock.org.apache.http.conn.HttpHostConnectException: Connect to localhost:8080 [localhost/127.0.0.1, localhost/0:0:0:0:0:0:0:1] failed: Connection refused: connect
04:11:23.972 Stacktrace: 
wiremock.org.apache.http.impl.conn.DefaultHttpClientConnectionOperator.connect(DefaultHttpClientConnectionOperator.java:151)
wiremock.org.apache.http.impl.conn.PoolingHttpClientConnectionManager.connect(PoolingHttpClientConnectionManager.java:353)
wiremock.org.apache.http.impl.execchain.MainClientExec.establishRoute(MainClientExec.java:380)
wiremock.org.apache.http.impl.execchain.MainClientExec.execute(MainClientExec.java:236)
wiremock.org.apache.http.impl.execchain.ProtocolExec.execute(ProtocolExec.java:184)
wiremock.org.apache.http.impl.client.InternalHttpClient.doExecute(InternalHttpClient.java:184)
wiremock.org.apache.http.impl.client.CloseableHttpClient.execute(CloseableHttpClient.java:82)
wiremock.org.apache.http.impl.client.CloseableHttpClient.execute(CloseableHttpClient.java:107)
com.github.tomakehurst.wiremock.client.HttpAdminClient.safelyExecuteRequest(HttpAdminClient.java:311)
com.github.tomakehurst.wiremock.client.HttpAdminClient.executeRequest(HttpAdminClient.java:299)
com.github.tomakehurst.wiremock.client.HttpAdminClient.addStubMapping(HttpAdminClient.java:94)
com.github.tomakehurst.wiremock.client.WireMock.register(WireMock.java:248)
com.github.tomakehurst.wiremock.client.WireMock.register(WireMock.java:243)
com.github.tomakehurst.wiremock.client.WireMock.givenThat(WireMock.java:94)
com.github.tomakehurst.wiremock.client.WireMock.stubFor(WireMock.java:98)
StubRequisicoesSaepResolucao.inicializarStubGet(StubRequisicoesSaepResolucao.java:13)
StepAtividadeEnsino.init(StepAtividadeEnsino.java:38)
StepAtividadeEnsino.calcularPontuacaoAulasPrsenciaisGraduacao(StepAtividadeEnsino.java:51)
sun.reflect.NativeMethodAccessorImpl.invoke0(Native Method)
sun.reflect.NativeMethodAccessorImpl.invoke(NativeMethodAccessorImpl.java:62)
sun.reflect.DelegatingMethodAccessorImpl.invoke(DelegatingMethodAccessorImpl.java:43)
java.lang.reflect.Method.invoke(Method.java:497)
com.thoughtworks.gauge.execution.MethodExecutor.execute(MethodExecutor.java:31)
com.thoughtworks.gauge.execution.StepExecutionStage.executeStepMethod(StepExecutionStage.java:96)
com.thoughtworks.gauge.execution.StepExecutionStage.executeStep(StepExecutionStage.java:77)
com.thoughtworks.gauge.execution.StepExecutionStage.execute(StepExecutionStage.java:58)
com.thoughtworks.gauge.execution.AbstractExecutionStage.executeNext(AbstractExecutionStage.java:24)
com.thoughtworks.gauge.execution.HookExecutionStage.execute(HookExecutionStage.java:42)
com.thoughtworks.gauge.execution.ExecutionPipeline.start(ExecutionPipeline.java:31)
com.thoughtworks.gauge.processor.ExecuteStepProcessor.process(ExecuteStepProcessor.java:34)
com.thoughtworks.gauge.connection.MessageDispatcher.dispatchMessages(MessageDispatcher.java:72)
com.thoughtworks.gauge.GaugeRuntime.main(GaugeRuntime.java:37)
04:11:24.178 Specifications:	1 executed	0 passed	1 failed	0 skipped
04:11:24.178 Scenarios:	1 executed	0 passed	1 failed	0 skipped
04:11:24.178 
Total time taken: 23.591s
04:14:28.212 Checking updates...
04:14:36.328 Unable to start plugin html-report. Plugin html-report is not installed. To install, run `gauge --install html-report`.
04:14:36.335 # Specification Heading
04:14:36.336 ## Calcular pontuacao em aulas presenciais graduacao
04:14:36.336 * Carga horaria graduacao aulas presenciais "200".

04:14:36.931 * Calcular pontuacao em aulas presenciais graducao

04:26:06.302 Checking updates...
04:26:09.668 Unable to start plugin html-report. Plugin html-report is not installed. To install, run `gauge --install html-report`.
04:26:09.678 # Specification Heading
04:26:09.681 ## Calcular pontuacao em aulas presenciais graduacao
04:26:09.682 * Carga horaria graduacao aulas presenciais "200".

04:26:10.364 * Calcular pontuacao em aulas presenciais graducao

04:26:12.426 * Carga horaria graduacao aulas a distancia "100".

04:26:12.428 * Calcular pontuacao em aulas a distancia graduacao

04:26:14.547 Specifications:	1 executed	1 passed	0 failed	0 skipped
04:26:14.547 Scenarios:	1 executed	1 passed	0 failed	0 skipped
04:26:14.547 
Total time taken: 4.778s
04:27:10.615 Checking updates...
04:27:14.566 Unable to start plugin html-report. Plugin html-report is not installed. To install, run `gauge --install html-report`.
04:27:14.573 # Specification Heading
04:27:14.573 ## Calcular pontuacao em aulas presenciais graduacao
04:27:14.574 * Carga horaria graduacao aulas presenciais "200".

04:27:15.151 * Calcular pontuacao em aulas presenciais graducao

04:27:18.070 
Failed Step: Calcular pontuacao em aulas presenciais graducao
04:27:18.070 Specification: specs\atividade_ensino.spec:9
04:27:18.070 Error Message: wiremock.org.apache.http.conn.HttpHostConnectException: Connect to localhost:8080 [localhost/127.0.0.1, localhost/0:0:0:0:0:0:0:1] failed: Connection refused: connect
04:27:18.070 Stacktrace: 
wiremock.org.apache.http.impl.conn.DefaultHttpClientConnectionOperator.connect(DefaultHttpClientConnectionOperator.java:151)
wiremock.org.apache.http.impl.conn.PoolingHttpClientConnectionManager.connect(PoolingHttpClientConnectionManager.java:353)
wiremock.org.apache.http.impl.execchain.MainClientExec.establishRoute(MainClientExec.java:380)
wiremock.org.apache.http.impl.execchain.MainClientExec.execute(MainClientExec.java:236)
wiremock.org.apache.http.impl.execchain.ProtocolExec.execute(ProtocolExec.java:184)
wiremock.org.apache.http.impl.client.InternalHttpClient.doExecute(InternalHttpClient.java:184)
wiremock.org.apache.http.impl.client.CloseableHttpClient.execute(CloseableHttpClient.java:82)
wiremock.org.apache.http.impl.client.CloseableHttpClient.execute(CloseableHttpClient.java:107)
com.github.tomakehurst.wiremock.client.HttpAdminClient.safelyExecuteRequest(HttpAdminClient.java:311)
com.github.tomakehurst.wiremock.client.HttpAdminClient.executeRequest(HttpAdminClient.java:299)
com.github.tomakehurst.wiremock.client.HttpAdminClient.addStubMapping(HttpAdminClient.java:94)
com.github.tomakehurst.wiremock.client.WireMock.register(WireMock.java:248)
com.github.tomakehurst.wiremock.client.WireMock.register(WireMock.java:243)
com.github.tomakehurst.wiremock.client.WireMock.givenThat(WireMock.java:94)
com.github.tomakehurst.wiremock.client.WireMock.stubFor(WireMock.java:98)
StubRequisicoesSaepResolucao.inicializarStubGet(StubRequisicoesSaepResolucao.java:13)
StepAtividadeEnsino.calcularPontuacaoAulasPrsenciaisGraduacao(StepAtividadeEnsino.java:52)
sun.reflect.NativeMethodAccessorImpl.invoke0(Native Method)
sun.reflect.NativeMethodAccessorImpl.invoke(NativeMethodAccessorImpl.java:62)
sun.reflect.DelegatingMethodAccessorImpl.invoke(DelegatingMethodAccessorImpl.java:43)
java.lang.reflect.Method.invoke(Method.java:497)
com.thoughtworks.gauge.execution.MethodExecutor.execute(MethodExecutor.java:31)
com.thoughtworks.gauge.execution.StepExecutionStage.executeStepMethod(StepExecutionStage.java:96)
com.thoughtworks.gauge.execution.StepExecutionStage.executeStep(StepExecutionStage.java:77)
com.thoughtworks.gauge.execution.StepExecutionStage.execute(StepExecutionStage.java:58)
com.thoughtworks.gauge.execution.AbstractExecutionStage.executeNext(AbstractExecutionStage.java:24)
com.thoughtworks.gauge.execution.HookExecutionStage.execute(HookExecutionStage.java:42)
com.thoughtworks.gauge.execution.ExecutionPipeline.start(ExecutionPipeline.java:31)
com.thoughtworks.gauge.processor.ExecuteStepProcessor.process(ExecuteStepProcessor.java:34)
com.thoughtworks.gauge.connection.MessageDispatcher.dispatchMessages(MessageDispatcher.java:72)
com.thoughtworks.gauge.GaugeRuntime.main(GaugeRuntime.java:37)
04:27:18.877 Specifications:	1 executed	0 passed	1 failed	0 skipped
04:27:18.877 Scenarios:	1 executed	0 passed	1 failed	0 skipped
04:27:18.877 
Total time taken: 3.508s
04:28:32.174 Checking updates...
04:28:36.384 Unable to start plugin html-report. Plugin html-report is not installed. To install, run `gauge --install html-report`.
04:28:36.393 # Specification Heading
04:28:36.394 ## Calcular pontuacao em aulas presenciais graduacao
04:28:36.394 * Carga horaria graduacao aulas presenciais "200".

04:28:36.987 * Calcular pontuacao em aulas presenciais graducao

04:28:39.902 
Failed Step: Calcular pontuacao em aulas presenciais graducao
04:28:39.902 Specification: specs\atividade_ensino.spec:9
04:28:39.903 Error Message: wiremock.org.apache.http.conn.HttpHostConnectException: Connect to localhost:8080 [localhost/127.0.0.1, localhost/0:0:0:0:0:0:0:1] failed: Connection refused: connect
04:28:39.903 Stacktrace: 
wiremock.org.apache.http.impl.conn.DefaultHttpClientConnectionOperator.connect(DefaultHttpClientConnectionOperator.java:151)
wiremock.org.apache.http.impl.conn.PoolingHttpClientConnectionManager.connect(PoolingHttpClientConnectionManager.java:353)
wiremock.org.apache.http.impl.execchain.MainClientExec.establishRoute(MainClientExec.java:380)
wiremock.org.apache.http.impl.execchain.MainClientExec.execute(MainClientExec.java:236)
wiremock.org.apache.http.impl.execchain.ProtocolExec.execute(ProtocolExec.java:184)
wiremock.org.apache.http.impl.client.InternalHttpClient.doExecute(InternalHttpClient.java:184)
wiremock.org.apache.http.impl.client.CloseableHttpClient.execute(CloseableHttpClient.java:82)
wiremock.org.apache.http.impl.client.CloseableHttpClient.execute(CloseableHttpClient.java:107)
com.github.tomakehurst.wiremock.client.HttpAdminClient.safelyExecuteRequest(HttpAdminClient.java:311)
com.github.tomakehurst.wiremock.client.HttpAdminClient.executeRequest(HttpAdminClient.java:299)
com.github.tomakehurst.wiremock.client.HttpAdminClient.addStubMapping(HttpAdminClient.java:94)
com.github.tomakehurst.wiremock.client.WireMock.register(WireMock.java:248)
com.github.tomakehurst.wiremock.client.WireMock.register(WireMock.java:243)
com.github.tomakehurst.wiremock.client.WireMock.givenThat(WireMock.java:94)
com.github.tomakehurst.wiremock.client.WireMock.stubFor(WireMock.java:98)
StubRequisicoesSaepResolucao.inicializarStubGet(StubRequisicoesSaepResolucao.java:13)
StepAtividadeEnsino.calcularPontuacaoAulasPrsenciaisGraduacao(StepAtividadeEnsino.java:54)
sun.reflect.NativeMethodAccessorImpl.invoke0(Native Method)
sun.reflect.NativeMethodAccessorImpl.invoke(NativeMethodAccessorImpl.java:62)
sun.reflect.DelegatingMethodAccessorImpl.invoke(DelegatingMethodAccessorImpl.java:43)
java.lang.reflect.Method.invoke(Method.java:497)
com.thoughtworks.gauge.execution.MethodExecutor.execute(MethodExecutor.java:31)
com.thoughtworks.gauge.execution.StepExecutionStage.executeStepMethod(StepExecutionStage.java:96)
com.thoughtworks.gauge.execution.StepExecutionStage.executeStep(StepExecutionStage.java:77)
com.thoughtworks.gauge.execution.StepExecutionStage.execute(StepExecutionStage.java:58)
com.thoughtworks.gauge.execution.AbstractExecutionStage.executeNext(AbstractExecutionStage.java:24)
com.thoughtworks.gauge.execution.HookExecutionStage.execute(HookExecutionStage.java:42)
com.thoughtworks.gauge.execution.ExecutionPipeline.start(ExecutionPipeline.java:31)
com.thoughtworks.gauge.processor.ExecuteStepProcessor.process(ExecuteStepProcessor.java:34)
com.thoughtworks.gauge.connection.MessageDispatcher.dispatchMessages(MessageDispatcher.java:72)
com.thoughtworks.gauge.GaugeRuntime.main(GaugeRuntime.java:37)
04:28:40.807 Specifications:	1 executed	0 passed	1 failed	0 skipped
04:28:40.807 Scenarios:	1 executed	0 passed	1 failed	0 skipped
04:28:40.807 
Total time taken: 3.52s
04:29:35.572 Checking updates...
04:29:39.556 Unable to start plugin html-report. Plugin html-report is not installed. To install, run `gauge --install html-report`.
04:29:39.562 # Specification Heading
04:29:39.563 ## Calcular pontuacao em aulas presenciais graduacao
04:29:39.563 * Carga horaria graduacao aulas presenciais "200".

04:29:40.095 * Calcular pontuacao em aulas presenciais graducao

04:29:42.956 
Failed Step: Calcular pontuacao em aulas presenciais graducao
04:29:42.956 Specification: specs\atividade_ensino.spec:9
04:29:42.956 Error Message: wiremock.org.apache.http.conn.HttpHostConnectException: Connect to localhost:8080 [localhost/127.0.0.1, localhost/0:0:0:0:0:0:0:1] failed: Connection refused: connect
04:29:42.956 Stacktrace: 
wiremock.org.apache.http.impl.conn.DefaultHttpClientConnectionOperator.connect(DefaultHttpClientConnectionOperator.java:151)
wiremock.org.apache.http.impl.conn.PoolingHttpClientConnectionManager.connect(PoolingHttpClientConnectionManager.java:353)
wiremock.org.apache.http.impl.execchain.MainClientExec.establishRoute(MainClientExec.java:380)
wiremock.org.apache.http.impl.execchain.MainClientExec.execute(MainClientExec.java:236)
wiremock.org.apache.http.impl.execchain.ProtocolExec.execute(ProtocolExec.java:184)
wiremock.org.apache.http.impl.client.InternalHttpClient.doExecute(InternalHttpClient.java:184)
wiremock.org.apache.http.impl.client.CloseableHttpClient.execute(CloseableHttpClient.java:82)
wiremock.org.apache.http.impl.client.CloseableHttpClient.execute(CloseableHttpClient.java:107)
com.github.tomakehurst.wiremock.client.HttpAdminClient.safelyExecuteRequest(HttpAdminClient.java:311)
com.github.tomakehurst.wiremock.client.HttpAdminClient.executeRequest(HttpAdminClient.java:299)
com.github.tomakehurst.wiremock.client.HttpAdminClient.addStubMapping(HttpAdminClient.java:94)
com.github.tomakehurst.wiremock.client.WireMock.register(WireMock.java:248)
com.github.tomakehurst.wiremock.client.WireMock.register(WireMock.java:243)
com.github.tomakehurst.wiremock.client.WireMock.givenThat(WireMock.java:94)
com.github.tomakehurst.wiremock.client.WireMock.stubFor(WireMock.java:98)
StubRequisicoesSaepResolucao.inicializarStubGet(StubRequisicoesSaepResolucao.java:20)
StepAtividadeEnsino.calcularPontuacaoAulasPrsenciaisGraduacao(StepAtividadeEnsino.java:54)
sun.reflect.NativeMethodAccessorImpl.invoke0(Native Method)
sun.reflect.NativeMethodAccessorImpl.invoke(NativeMethodAccessorImpl.java:62)
sun.reflect.DelegatingMethodAccessorImpl.invoke(DelegatingMethodAccessorImpl.java:43)
java.lang.reflect.Method.invoke(Method.java:497)
com.thoughtworks.gauge.execution.MethodExecutor.execute(MethodExecutor.java:31)
com.thoughtworks.gauge.execution.StepExecutionStage.executeStepMethod(StepExecutionStage.java:96)
com.thoughtworks.gauge.execution.StepExecutionStage.executeStep(StepExecutionStage.java:77)
com.thoughtworks.gauge.execution.StepExecutionStage.execute(StepExecutionStage.java:58)
com.thoughtworks.gauge.execution.AbstractExecutionStage.executeNext(AbstractExecutionStage.java:24)
com.thoughtworks.gauge.execution.HookExecutionStage.execute(HookExecutionStage.java:42)
com.thoughtworks.gauge.execution.ExecutionPipeline.start(ExecutionPipeline.java:31)
com.thoughtworks.gauge.processor.ExecuteStepProcessor.process(ExecuteStepProcessor.java:34)
com.thoughtworks.gauge.connection.MessageDispatcher.dispatchMessages(MessageDispatcher.java:72)
com.thoughtworks.gauge.GaugeRuntime.main(GaugeRuntime.java:37)
04:29:43.760 Specifications:	1 executed	0 passed	1 failed	0 skipped
04:29:43.760 Scenarios:	1 executed	0 passed	1 failed	0 skipped
04:29:43.760 
Total time taken: 3.401s
04:30:40.994 Checking updates...
04:30:44.891 Unable to start plugin html-report. Plugin html-report is not installed. To install, run `gauge --install html-report`.
04:30:44.897 # Specification Heading
04:30:44.897 ## Calcular pontuacao em aulas presenciais graduacao
04:30:44.898 * Carga horaria graduacao aulas presenciais "200".

04:30:45.405 * Calcular pontuacao em aulas presenciais graducao

04:30:48.210 
Failed Step: Calcular pontuacao em aulas presenciais graducao
04:30:48.210 Specification: specs\atividade_ensino.spec:9
04:30:48.210 Error Message: wiremock.org.apache.http.conn.HttpHostConnectException: Connect to localhost:8080 [localhost/127.0.0.1, localhost/0:0:0:0:0:0:0:1] failed: Connection refused: connect
04:30:48.210 Stacktrace: 
wiremock.org.apache.http.impl.conn.DefaultHttpClientConnectionOperator.connect(DefaultHttpClientConnectionOperator.java:151)
wiremock.org.apache.http.impl.conn.PoolingHttpClientConnectionManager.connect(PoolingHttpClientConnectionManager.java:353)
wiremock.org.apache.http.impl.execchain.MainClientExec.establishRoute(MainClientExec.java:380)
wiremock.org.apache.http.impl.execchain.MainClientExec.execute(MainClientExec.java:236)
wiremock.org.apache.http.impl.execchain.ProtocolExec.execute(ProtocolExec.java:184)
wiremock.org.apache.http.impl.client.InternalHttpClient.doExecute(InternalHttpClient.java:184)
wiremock.org.apache.http.impl.client.CloseableHttpClient.execute(CloseableHttpClient.java:82)
wiremock.org.apache.http.impl.client.CloseableHttpClient.execute(CloseableHttpClient.java:107)
com.github.tomakehurst.wiremock.client.HttpAdminClient.safelyExecuteRequest(HttpAdminClient.java:311)
com.github.tomakehurst.wiremock.client.HttpAdminClient.executeRequest(HttpAdminClient.java:299)
com.github.tomakehurst.wiremock.client.HttpAdminClient.addStubMapping(HttpAdminClient.java:94)
com.github.tomakehurst.wiremock.client.WireMock.register(WireMock.java:248)
com.github.tomakehurst.wiremock.client.WireMock.register(WireMock.java:243)
com.github.tomakehurst.wiremock.client.WireMock.givenThat(WireMock.java:94)
com.github.tomakehurst.wiremock.client.WireMock.stubFor(WireMock.java:98)
StubRequisicoesSaepResolucao.inicializarStubGet(StubRequisicoesSaepResolucao.java:22)
StepAtividadeEnsino.calcularPontuacaoAulasPrsenciaisGraduacao(StepAtividadeEnsino.java:54)
sun.reflect.NativeMethodAccessorImpl.invoke0(Native Method)
sun.reflect.NativeMethodAccessorImpl.invoke(NativeMethodAccessorImpl.java:62)
sun.reflect.DelegatingMethodAccessorImpl.invoke(DelegatingMethodAccessorImpl.java:43)
java.lang.reflect.Method.invoke(Method.java:497)
com.thoughtworks.gauge.execution.MethodExecutor.execute(MethodExecutor.java:31)
com.thoughtworks.gauge.execution.StepExecutionStage.executeStepMethod(StepExecutionStage.java:96)
com.thoughtworks.gauge.execution.StepExecutionStage.executeStep(StepExecutionStage.java:77)
com.thoughtworks.gauge.execution.StepExecutionStage.execute(StepExecutionStage.java:58)
com.thoughtworks.gauge.execution.AbstractExecutionStage.executeNext(AbstractExecutionStage.java:24)
com.thoughtworks.gauge.execution.HookExecutionStage.execute(HookExecutionStage.java:42)
com.thoughtworks.gauge.execution.ExecutionPipeline.start(ExecutionPipeline.java:31)
com.thoughtworks.gauge.processor.ExecuteStepProcessor.process(ExecuteStepProcessor.java:34)
com.thoughtworks.gauge.connection.MessageDispatcher.dispatchMessages(MessageDispatcher.java:72)
com.thoughtworks.gauge.GaugeRuntime.main(GaugeRuntime.java:37)
04:30:49.032 Specifications:	1 executed	0 passed	1 failed	0 skipped
04:30:49.032 Scenarios:	1 executed	0 passed	1 failed	0 skipped
04:30:49.032 
Total time taken: 3.336s
04:32:36.447 Checking updates...
04:32:44.920 Unable to start plugin html-report. Plugin html-report is not installed. To install, run `gauge --install html-report`.
04:32:44.929 # Specification Heading
04:32:44.930 ## Calcular pontuacao em aulas presenciais graduacao
04:32:44.931 * Carga horaria graduacao aulas presenciais "200".

04:32:45.532 * Calcular pontuacao em aulas presenciais graducao

04:33:08.709 
Failed Step: Calcular pontuacao em aulas presenciais graducao
04:33:08.709 Specification: specs\atividade_ensino.spec:9
04:33:08.709 Error Message: com.github.tomakehurst.wiremock.common.FatalStartupException: java.lang.RuntimeException: java.net.BindException: Address already in use: bind
04:33:08.709 Stacktrace: 
com.github.tomakehurst.wiremock.WireMockServer.start(WireMockServer.java:145)
StubRequisicoesSaepResolucao.inicializarStubGet(StubRequisicoesSaepResolucao.java:21)
StepAtividadeEnsino.calcularPontuacaoAulasPrsenciaisGraduacao(StepAtividadeEnsino.java:55)
sun.reflect.NativeMethodAccessorImpl.invoke0(Native Method)
sun.reflect.NativeMethodAccessorImpl.invoke(NativeMethodAccessorImpl.java:62)
sun.reflect.DelegatingMethodAccessorImpl.invoke(DelegatingMethodAccessorImpl.java:43)
java.lang.reflect.Method.invoke(Method.java:497)
com.thoughtworks.gauge.execution.MethodExecutor.execute(MethodExecutor.java:31)
com.thoughtworks.gauge.execution.StepExecutionStage.executeStepMethod(StepExecutionStage.java:96)
com.thoughtworks.gauge.execution.StepExecutionStage.executeStep(StepExecutionStage.java:77)
com.thoughtworks.gauge.execution.StepExecutionStage.execute(StepExecutionStage.java:58)
com.thoughtworks.gauge.execution.AbstractExecutionStage.executeNext(AbstractExecutionStage.java:24)
com.thoughtworks.gauge.execution.HookExecutionStage.execute(HookExecutionStage.java:42)
com.thoughtworks.gauge.execution.ExecutionPipeline.start(ExecutionPipeline.java:31)
com.thoughtworks.gauge.processor.ExecuteStepProcessor.process(ExecuteStepProcessor.java:34)
com.thoughtworks.gauge.connection.MessageDispatcher.dispatchMessages(MessageDispatcher.java:72)
com.thoughtworks.gauge.GaugeRuntime.main(GaugeRuntime.java:37)
04:33:12.721 Killing runner with PID:12532 forcefully
04:33:12.723 Specifications:	1 executed	0 passed	1 failed	0 skipped
04:33:12.723 Scenarios:	1 executed	0 passed	1 failed	0 skipped
04:33:12.723 
Total time taken: 23.8s
04:33:57.341 Checking updates...
04:34:05.587 Unable to start plugin html-report. Plugin html-report is not installed. To install, run `gauge --install html-report`.
04:34:05.595 # Specification Heading
04:34:05.596 ## Calcular pontuacao em aulas presenciais graduacao
04:34:05.596 * Carga horaria graduacao aulas presenciais "200".

04:34:06.194 * Calcular pontuacao em aulas presenciais graducao

04:34:21.735 
Failed Step: Calcular pontuacao em aulas presenciais graducao
04:34:21.735 Specification: specs\atividade_ensino.spec:9
04:34:21.735 Error Message: com.github.tomakehurst.wiremock.common.FatalStartupException: java.lang.RuntimeException: java.net.BindException: Address already in use: bind
04:34:21.735 Stacktrace: 
com.github.tomakehurst.wiremock.WireMockServer.start(WireMockServer.java:145)
StepAtividadeEnsino.calcularPontuacaoAulasPrsenciaisGraduacao(StepAtividadeEnsino.java:53)
sun.reflect.NativeMethodAccessorImpl.invoke0(Native Method)
sun.reflect.NativeMethodAccessorImpl.invoke(NativeMethodAccessorImpl.java:62)
sun.reflect.DelegatingMethodAccessorImpl.invoke(DelegatingMethodAccessorImpl.java:43)
java.lang.reflect.Method.invoke(Method.java:497)
com.thoughtworks.gauge.execution.MethodExecutor.execute(MethodExecutor.java:31)
com.thoughtworks.gauge.execution.StepExecutionStage.executeStepMethod(StepExecutionStage.java:96)
com.thoughtworks.gauge.execution.StepExecutionStage.executeStep(StepExecutionStage.java:77)
com.thoughtworks.gauge.execution.StepExecutionStage.execute(StepExecutionStage.java:58)
com.thoughtworks.gauge.execution.AbstractExecutionStage.executeNext(AbstractExecutionStage.java:24)
com.thoughtworks.gauge.execution.HookExecutionStage.execute(HookExecutionStage.java:42)
com.thoughtworks.gauge.execution.ExecutionPipeline.start(ExecutionPipeline.java:31)
com.thoughtworks.gauge.processor.ExecuteStepProcessor.process(ExecuteStepProcessor.java:34)
com.thoughtworks.gauge.connection.MessageDispatcher.dispatchMessages(MessageDispatcher.java:72)
com.thoughtworks.gauge.GaugeRuntime.main(GaugeRuntime.java:37)
04:34:25.741 Killing runner with PID:12252 forcefully
04:34:25.741 Specifications:	1 executed	0 passed	1 failed	0 skipped
04:34:25.741 Scenarios:	1 executed	0 passed	1 failed	0 skipped
04:34:25.742 
Total time taken: 16.151s
04:34:57.356 Checking updates...
04:35:05.807 Unable to start plugin html-report. Plugin html-report is not installed. To install, run `gauge --install html-report`.
04:35:05.814 # Specification Heading
04:35:05.815 ## Calcular pontuacao em aulas presenciais graduacao
04:35:05.816 * Carga horaria graduacao aulas presenciais "200".

04:35:06.386 * Calcular pontuacao em aulas presenciais graducao

04:35:39.839 Checking updates...
04:35:48.705 Unable to start plugin html-report. Plugin html-report is not installed. To install, run `gauge --install html-report`.
04:35:48.713 # Specification Heading
04:35:48.714 ## Calcular pontuacao em aulas presenciais graduacao
04:35:48.714 * Carga horaria graduacao aulas presenciais "200".

04:35:49.411 * Calcular pontuacao em aulas presenciais graducao

04:37:26.168 Checking updates...
04:37:34.426 Unable to start plugin html-report. Plugin html-report is not installed. To install, run `gauge --install html-report`.
04:37:34.432 # Specification Heading
04:37:34.433 ## Calcular pontuacao em aulas presenciais graduacao
04:37:34.434 * Carga horaria graduacao aulas presenciais "200".

04:37:35.036 * Calcular pontuacao em aulas presenciais graducao

04:38:04.275 
Failed Step: Calcular pontuacao em aulas presenciais graducao
04:38:04.275 Specification: specs\atividade_ensino.spec:9
04:38:04.275 Error Message: wiremock.org.apache.http.conn.HttpHostConnectException: Connect to localhost:8080 [localhost/127.0.0.1, localhost/0:0:0:0:0:0:0:1] failed: Connection refused: connect
04:38:04.275 Stacktrace: 
wiremock.org.apache.http.impl.conn.DefaultHttpClientConnectionOperator.connect(DefaultHttpClientConnectionOperator.java:151)
wiremock.org.apache.http.impl.conn.PoolingHttpClientConnectionManager.connect(PoolingHttpClientConnectionManager.java:353)
wiremock.org.apache.http.impl.execchain.MainClientExec.establishRoute(MainClientExec.java:380)
wiremock.org.apache.http.impl.execchain.MainClientExec.execute(MainClientExec.java:236)
wiremock.org.apache.http.impl.execchain.ProtocolExec.execute(ProtocolExec.java:184)
wiremock.org.apache.http.impl.client.InternalHttpClient.doExecute(InternalHttpClient.java:184)
wiremock.org.apache.http.impl.client.CloseableHttpClient.execute(CloseableHttpClient.java:82)
wiremock.org.apache.http.impl.client.CloseableHttpClient.execute(CloseableHttpClient.java:107)
com.github.tomakehurst.wiremock.client.HttpAdminClient.safelyExecuteRequest(HttpAdminClient.java:311)
com.github.tomakehurst.wiremock.client.HttpAdminClient.executeRequest(HttpAdminClient.java:299)
com.github.tomakehurst.wiremock.client.HttpAdminClient.addStubMapping(HttpAdminClient.java:94)
com.github.tomakehurst.wiremock.client.WireMock.register(WireMock.java:248)
com.github.tomakehurst.wiremock.client.WireMock.register(WireMock.java:243)
com.github.tomakehurst.wiremock.client.WireMock.givenThat(WireMock.java:94)
com.github.tomakehurst.wiremock.client.WireMock.stubFor(WireMock.java:98)
StepAtividadeEnsino.calcularPontuacaoAulasPrsenciaisGraduacao(StepAtividadeEnsino.java:57)
sun.reflect.NativeMethodAccessorImpl.invoke0(Native Method)
sun.reflect.NativeMethodAccessorImpl.invoke(NativeMethodAccessorImpl.java:62)
sun.reflect.DelegatingMethodAccessorImpl.invoke(DelegatingMethodAccessorImpl.java:43)
java.lang.reflect.Method.invoke(Method.java:497)
com.thoughtworks.gauge.execution.MethodExecutor.execute(MethodExecutor.java:31)
com.thoughtworks.gauge.execution.StepExecutionStage.executeStepMethod(StepExecutionStage.java:96)
com.thoughtworks.gauge.execution.StepExecutionStage.executeStep(StepExecutionStage.java:77)
com.thoughtworks.gauge.execution.StepExecutionStage.execute(StepExecutionStage.java:58)
com.thoughtworks.gauge.execution.AbstractExecutionStage.executeNext(AbstractExecutionStage.java:24)
com.thoughtworks.gauge.execution.HookExecutionStage.execute(HookExecutionStage.java:42)
com.thoughtworks.gauge.execution.ExecutionPipeline.start(ExecutionPipeline.java:31)
com.thoughtworks.gauge.processor.ExecuteStepProcessor.process(ExecuteStepProcessor.java:34)
com.thoughtworks.gauge.connection.MessageDispatcher.dispatchMessages(MessageDispatcher.java:72)
com.thoughtworks.gauge.GaugeRuntime.main(GaugeRuntime.java:37)
04:38:08.280 Killing runner with PID:11312 forcefully
04:38:08.280 Specifications:	1 executed	0 passed	1 failed	0 skipped
04:38:08.280 Scenarios:	1 executed	0 passed	1 failed	0 skipped
04:38:08.280 
Total time taken: 29.852s
04:40:06.300 Checking updates...
04:40:14.421 Unable to start plugin html-report. Plugin html-report is not installed. To install, run `gauge --install html-report`.
04:40:14.428 # Specification Heading
04:40:14.429 ## Calcular pontuacao em aulas presenciais graduacao
04:40:14.429 * Carga horaria graduacao aulas presenciais "200".

04:40:15.035 * Calcular pontuacao em aulas presenciais graducao

04:40:21.195 
Failed Step: Calcular pontuacao em aulas presenciais graducao
04:40:21.195 Specification: specs\atividade_ensino.spec:9
04:40:21.195 Error Message: com.github.tomakehurst.wiremock.common.FatalStartupException: java.lang.RuntimeException: java.net.BindException: Address already in use: bind
04:40:21.195 Stacktrace: 
com.github.tomakehurst.wiremock.WireMockServer.start(WireMockServer.java:145)
StepAtividadeEnsino.calcularPontuacaoAulasPrsenciaisGraduacao(StepAtividadeEnsino.java:55)
sun.reflect.NativeMethodAccessorImpl.invoke0(Native Method)
sun.reflect.NativeMethodAccessorImpl.invoke(NativeMethodAccessorImpl.java:62)
sun.reflect.DelegatingMethodAccessorImpl.invoke(DelegatingMethodAccessorImpl.java:43)
java.lang.reflect.Method.invoke(Method.java:497)
com.thoughtworks.gauge.execution.MethodExecutor.execute(MethodExecutor.java:31)
com.thoughtworks.gauge.execution.StepExecutionStage.executeStepMethod(StepExecutionStage.java:96)
com.thoughtworks.gauge.execution.StepExecutionStage.executeStep(StepExecutionStage.java:77)
com.thoughtworks.gauge.execution.StepExecutionStage.execute(StepExecutionStage.java:58)
com.thoughtworks.gauge.execution.AbstractExecutionStage.executeNext(AbstractExecutionStage.java:24)
com.thoughtworks.gauge.execution.HookExecutionStage.execute(HookExecutionStage.java:42)
com.thoughtworks.gauge.execution.ExecutionPipeline.start(ExecutionPipeline.java:31)
com.thoughtworks.gauge.processor.ExecuteStepProcessor.process(ExecuteStepProcessor.java:34)
com.thoughtworks.gauge.connection.MessageDispatcher.dispatchMessages(MessageDispatcher.java:72)
com.thoughtworks.gauge.GaugeRuntime.main(GaugeRuntime.java:37)
04:40:25.198 Killing runner with PID:6180 forcefully
04:40:25.198 Specifications:	1 executed	0 passed	1 failed	0 skipped
04:40:25.198 Scenarios:	1 executed	0 passed	1 failed	0 skipped
04:40:25.198 
Total time taken: 6.776s
04:40:51.045 Checking updates...
04:40:59.422 Unable to start plugin html-report. Plugin html-report is not installed. To install, run `gauge --install html-report`.
04:40:59.431 # Specification Heading
04:40:59.431 ## Calcular pontuacao em aulas presenciais graduacao
04:40:59.432 * Carga horaria graduacao aulas presenciais "200".

04:41:00.046 * Calcular pontuacao em aulas presenciais graducao

04:41:22.325 
Failed Step: Calcular pontuacao em aulas presenciais graducao
04:41:22.325 Specification: specs\atividade_ensino.spec:9
04:41:22.325 Error Message: wiremock.org.apache.http.conn.HttpHostConnectException: Connect to localhost:8080 [localhost/127.0.0.1, localhost/0:0:0:0:0:0:0:1] failed: Connection refused: connect
04:41:22.325 Stacktrace: 
wiremock.org.apache.http.impl.conn.DefaultHttpClientConnectionOperator.connect(DefaultHttpClientConnectionOperator.java:151)
wiremock.org.apache.http.impl.conn.PoolingHttpClientConnectionManager.connect(PoolingHttpClientConnectionManager.java:353)
wiremock.org.apache.http.impl.execchain.MainClientExec.establishRoute(MainClientExec.java:380)
wiremock.org.apache.http.impl.execchain.MainClientExec.execute(MainClientExec.java:236)
wiremock.org.apache.http.impl.execchain.ProtocolExec.execute(ProtocolExec.java:184)
wiremock.org.apache.http.impl.client.InternalHttpClient.doExecute(InternalHttpClient.java:184)
wiremock.org.apache.http.impl.client.CloseableHttpClient.execute(CloseableHttpClient.java:82)
wiremock.org.apache.http.impl.client.CloseableHttpClient.execute(CloseableHttpClient.java:107)
com.github.tomakehurst.wiremock.client.HttpAdminClient.safelyExecuteRequest(HttpAdminClient.java:311)
com.github.tomakehurst.wiremock.client.HttpAdminClient.executeRequest(HttpAdminClient.java:299)
com.github.tomakehurst.wiremock.client.HttpAdminClient.addStubMapping(HttpAdminClient.java:94)
com.github.tomakehurst.wiremock.client.WireMock.register(WireMock.java:248)
com.github.tomakehurst.wiremock.client.WireMock.register(WireMock.java:243)
com.github.tomakehurst.wiremock.client.WireMock.givenThat(WireMock.java:94)
com.github.tomakehurst.wiremock.client.WireMock.stubFor(WireMock.java:98)
StepAtividadeEnsino.calcularPontuacaoAulasPrsenciaisGraduacao(StepAtividadeEnsino.java:57)
sun.reflect.NativeMethodAccessorImpl.invoke0(Native Method)
sun.reflect.NativeMethodAccessorImpl.invoke(NativeMethodAccessorImpl.java:62)
sun.reflect.DelegatingMethodAccessorImpl.invoke(DelegatingMethodAccessorImpl.java:43)
java.lang.reflect.Method.invoke(Method.java:497)
com.thoughtworks.gauge.execution.MethodExecutor.execute(MethodExecutor.java:31)
com.thoughtworks.gauge.execution.StepExecutionStage.executeStepMethod(StepExecutionStage.java:96)
com.thoughtworks.gauge.execution.StepExecutionStage.executeStep(StepExecutionStage.java:77)
com.thoughtworks.gauge.execution.StepExecutionStage.execute(StepExecutionStage.java:58)
com.thoughtworks.gauge.execution.AbstractExecutionStage.executeNext(AbstractExecutionStage.java:24)
com.thoughtworks.gauge.execution.HookExecutionStage.execute(HookExecutionStage.java:42)
com.thoughtworks.gauge.execution.ExecutionPipeline.start(ExecutionPipeline.java:31)
com.thoughtworks.gauge.processor.ExecuteStepProcessor.process(ExecuteStepProcessor.java:34)
com.thoughtworks.gauge.connection.MessageDispatcher.dispatchMessages(MessageDispatcher.java:72)
com.thoughtworks.gauge.GaugeRuntime.main(GaugeRuntime.java:37)
04:41:26.326 Killing runner with PID:9788 forcefully
04:41:26.326 Specifications:	1 executed	0 passed	1 failed	0 skipped
04:41:26.326 Scenarios:	1 executed	0 passed	1 failed	0 skipped
04:41:26.326 
Total time taken: 22.904s
04:43:37.619 Checking updates...
04:43:45.661 Unable to start plugin html-report. Plugin html-report is not installed. To install, run `gauge --install html-report`.
04:43:45.668 # Specification Heading
04:43:45.668 ## Calcular pontuacao em aulas presenciais graduacao
04:43:45.669 * Carga horaria graduacao aulas presenciais "200".

04:43:46.324 * Calcular pontuacao em aulas presenciais graducao

04:43:48.576 
Failed Step: Calcular pontuacao em aulas presenciais graducao
04:43:48.576 Specification: specs\atividade_ensino.spec:9
04:43:48.576 Error Message: com.github.tomakehurst.wiremock.common.FatalStartupException: java.lang.RuntimeException: java.net.BindException: Address already in use: bind
04:43:48.576 Stacktrace: 
com.github.tomakehurst.wiremock.WireMockServer.start(WireMockServer.java:145)
StepAtividadeEnsino.calcularPontuacaoAulasPrsenciaisGraduacao(StepAtividadeEnsino.java:55)
sun.reflect.NativeMethodAccessorImpl.invoke0(Native Method)
sun.reflect.NativeMethodAccessorImpl.invoke(NativeMethodAccessorImpl.java:62)
sun.reflect.DelegatingMethodAccessorImpl.invoke(DelegatingMethodAccessorImpl.java:43)
java.lang.reflect.Method.invoke(Method.java:497)
com.thoughtworks.gauge.execution.MethodExecutor.execute(MethodExecutor.java:31)
com.thoughtworks.gauge.execution.StepExecutionStage.executeStepMethod(StepExecutionStage.java:96)
com.thoughtworks.gauge.execution.StepExecutionStage.executeStep(StepExecutionStage.java:77)
com.thoughtworks.gauge.execution.StepExecutionStage.execute(StepExecutionStage.java:58)
com.thoughtworks.gauge.execution.AbstractExecutionStage.executeNext(AbstractExecutionStage.java:24)
com.thoughtworks.gauge.execution.HookExecutionStage.execute(HookExecutionStage.java:42)
com.thoughtworks.gauge.execution.ExecutionPipeline.start(ExecutionPipeline.java:31)
com.thoughtworks.gauge.processor.ExecuteStepProcessor.process(ExecuteStepProcessor.java:34)
com.thoughtworks.gauge.connection.MessageDispatcher.dispatchMessages(MessageDispatcher.java:72)
com.thoughtworks.gauge.GaugeRuntime.main(GaugeRuntime.java:37)
04:43:52.580 Killing runner with PID:13072 forcefully
04:43:52.580 Specifications:	1 executed	0 passed	1 failed	0 skipped
04:43:52.580 Scenarios:	1 executed	0 passed	1 failed	0 skipped
04:43:52.581 
Total time taken: 2.917s
04:44:14.975 Checking updates...
04:44:23.263 Unable to start plugin html-report. Plugin html-report is not installed. To install, run `gauge --install html-report`.
04:44:23.270 # Specification Heading
04:44:23.270 ## Calcular pontuacao em aulas presenciais graduacao
04:44:23.271 * Carga horaria graduacao aulas presenciais "200".

04:44:23.966 * Calcular pontuacao em aulas presenciais graducao

04:44:37.527 
Failed Step: Calcular pontuacao em aulas presenciais graducao
04:44:37.527 Specification: specs\atividade_ensino.spec:9
04:44:37.527 Error Message: wiremock.org.apache.http.conn.HttpHostConnectException: Connect to localhost:8080 [localhost/127.0.0.1, localhost/0:0:0:0:0:0:0:1] failed: Connection refused: connect
04:44:37.527 Stacktrace: 
wiremock.org.apache.http.impl.conn.DefaultHttpClientConnectionOperator.connect(DefaultHttpClientConnectionOperator.java:151)
wiremock.org.apache.http.impl.conn.PoolingHttpClientConnectionManager.connect(PoolingHttpClientConnectionManager.java:353)
wiremock.org.apache.http.impl.execchain.MainClientExec.establishRoute(MainClientExec.java:380)
wiremock.org.apache.http.impl.execchain.MainClientExec.execute(MainClientExec.java:236)
wiremock.org.apache.http.impl.execchain.ProtocolExec.execute(ProtocolExec.java:184)
wiremock.org.apache.http.impl.client.InternalHttpClient.doExecute(InternalHttpClient.java:184)
wiremock.org.apache.http.impl.client.CloseableHttpClient.execute(CloseableHttpClient.java:82)
wiremock.org.apache.http.impl.client.CloseableHttpClient.execute(CloseableHttpClient.java:107)
com.github.tomakehurst.wiremock.client.HttpAdminClient.safelyExecuteRequest(HttpAdminClient.java:311)
com.github.tomakehurst.wiremock.client.HttpAdminClient.executeRequest(HttpAdminClient.java:299)
com.github.tomakehurst.wiremock.client.HttpAdminClient.addStubMapping(HttpAdminClient.java:94)
com.github.tomakehurst.wiremock.client.WireMock.register(WireMock.java:248)
com.github.tomakehurst.wiremock.client.WireMock.register(WireMock.java:243)
com.github.tomakehurst.wiremock.client.WireMock.givenThat(WireMock.java:94)
com.github.tomakehurst.wiremock.client.WireMock.stubFor(WireMock.java:98)
StepAtividadeEnsino.calcularPontuacaoAulasPrsenciaisGraduacao(StepAtividadeEnsino.java:57)
sun.reflect.NativeMethodAccessorImpl.invoke0(Native Method)
sun.reflect.NativeMethodAccessorImpl.invoke(NativeMethodAccessorImpl.java:62)
sun.reflect.DelegatingMethodAccessorImpl.invoke(DelegatingMethodAccessorImpl.java:43)
java.lang.reflect.Method.invoke(Method.java:497)
com.thoughtworks.gauge.execution.MethodExecutor.execute(MethodExecutor.java:31)
com.thoughtworks.gauge.execution.StepExecutionStage.executeStepMethod(StepExecutionStage.java:96)
com.thoughtworks.gauge.execution.StepExecutionStage.executeStep(StepExecutionStage.java:77)
com.thoughtworks.gauge.execution.StepExecutionStage.execute(StepExecutionStage.java:58)
com.thoughtworks.gauge.execution.AbstractExecutionStage.executeNext(AbstractExecutionStage.java:24)
com.thoughtworks.gauge.execution.HookExecutionStage.execute(HookExecutionStage.java:42)
com.thoughtworks.gauge.execution.ExecutionPipeline.start(ExecutionPipeline.java:31)
com.thoughtworks.gauge.processor.ExecuteStepProcessor.process(ExecuteStepProcessor.java:34)
com.thoughtworks.gauge.connection.MessageDispatcher.dispatchMessages(MessageDispatcher.java:72)
com.thoughtworks.gauge.GaugeRuntime.main(GaugeRuntime.java:37)
04:44:41.530 Killing runner with PID:9412 forcefully
04:44:41.530 Specifications:	1 executed	0 passed	1 failed	0 skipped
04:44:41.530 Scenarios:	1 executed	0 passed	1 failed	0 skipped
04:44:41.530 
Total time taken: 14.265s
05:03:25.776 Checking updates...
05:03:29.339 Unable to start plugin html-report. Plugin html-report is not installed. To install, run `gauge --install html-report`.
05:03:29.346 # Specification Heading
05:03:29.347 ## Calcular pontuacao em aulas presenciais graduacao
05:03:29.347 * Inicializar Servico.

05:03:32.734 
Failed Step: Inicializar Servico.
05:03:32.734 Specification: specs\atividade_ensino.spec:6
05:03:32.734 Error Message: wiremock.org.apache.http.conn.HttpHostConnectException: Connect to localhost:8080 [localhost/127.0.0.1, localhost/0:0:0:0:0:0:0:1] failed: Connection refused: connect
05:03:32.734 Stacktrace: 
wiremock.org.apache.http.impl.conn.DefaultHttpClientConnectionOperator.connect(DefaultHttpClientConnectionOperator.java:151)
wiremock.org.apache.http.impl.conn.PoolingHttpClientConnectionManager.connect(PoolingHttpClientConnectionManager.java:353)
wiremock.org.apache.http.impl.execchain.MainClientExec.establishRoute(MainClientExec.java:380)
wiremock.org.apache.http.impl.execchain.MainClientExec.execute(MainClientExec.java:236)
wiremock.org.apache.http.impl.execchain.ProtocolExec.execute(ProtocolExec.java:184)
wiremock.org.apache.http.impl.client.InternalHttpClient.doExecute(InternalHttpClient.java:184)
wiremock.org.apache.http.impl.client.CloseableHttpClient.execute(CloseableHttpClient.java:82)
wiremock.org.apache.http.impl.client.CloseableHttpClient.execute(CloseableHttpClient.java:107)
com.github.tomakehurst.wiremock.client.HttpAdminClient.safelyExecuteRequest(HttpAdminClient.java:311)
com.github.tomakehurst.wiremock.client.HttpAdminClient.executeRequest(HttpAdminClient.java:299)
com.github.tomakehurst.wiremock.client.HttpAdminClient.addStubMapping(HttpAdminClient.java:94)
com.github.tomakehurst.wiremock.client.WireMock.register(WireMock.java:248)
com.github.tomakehurst.wiremock.client.WireMock.register(WireMock.java:243)
com.github.tomakehurst.wiremock.client.WireMock.givenThat(WireMock.java:94)
com.github.tomakehurst.wiremock.client.WireMock.stubFor(WireMock.java:98)
StubRequisicoesSaepResolucao.inicializarStubGet(StubRequisicoesSaepResolucao.java:17)
StepAtividadeEnsino.init(StepAtividadeEnsino.java:42)
sun.reflect.NativeMethodAccessorImpl.invoke0(Native Method)
sun.reflect.NativeMethodAccessorImpl.invoke(NativeMethodAccessorImpl.java:62)
sun.reflect.DelegatingMethodAccessorImpl.invoke(DelegatingMethodAccessorImpl.java:43)
java.lang.reflect.Method.invoke(Method.java:497)
com.thoughtworks.gauge.execution.MethodExecutor.execute(MethodExecutor.java:31)
com.thoughtworks.gauge.execution.StepExecutionStage.executeStepMethod(StepExecutionStage.java:96)
com.thoughtworks.gauge.execution.StepExecutionStage.executeStep(StepExecutionStage.java:77)
com.thoughtworks.gauge.execution.StepExecutionStage.execute(StepExecutionStage.java:58)
com.thoughtworks.gauge.execution.AbstractExecutionStage.executeNext(AbstractExecutionStage.java:24)
com.thoughtworks.gauge.execution.HookExecutionStage.execute(HookExecutionStage.java:42)
com.thoughtworks.gauge.execution.ExecutionPipeline.start(ExecutionPipeline.java:31)
com.thoughtworks.gauge.processor.ExecuteStepProcessor.process(ExecuteStepProcessor.java:34)
com.thoughtworks.gauge.connection.MessageDispatcher.dispatchMessages(MessageDispatcher.java:72)
com.thoughtworks.gauge.GaugeRuntime.main(GaugeRuntime.java:37)
05:03:33.436 Specifications:	1 executed	0 passed	1 failed	0 skipped
05:03:33.436 Scenarios:	1 executed	0 passed	1 failed	0 skipped
05:03:33.436 
Total time taken: 3.396s
05:03:38.574 Checking updates...
05:03:47.244 Unable to start plugin html-report. Plugin html-report is not installed. To install, run `gauge --install html-report`.
05:03:47.258 # Specification Heading
05:03:47.259 ## Calcular pontuacao em aulas presenciais graduacao
05:03:47.260 * Inicializar Servico.

05:04:00.617 
Failed Step: Inicializar Servico.
05:04:00.617 Specification: specs\atividade_ensino.spec:6
05:04:00.617 Error Message: wiremock.org.apache.http.conn.HttpHostConnectException: Connect to localhost:8080 [localhost/127.0.0.1, localhost/0:0:0:0:0:0:0:1] failed: Connection refused: connect
05:04:00.617 Stacktrace: 
wiremock.org.apache.http.impl.conn.DefaultHttpClientConnectionOperator.connect(DefaultHttpClientConnectionOperator.java:151)
wiremock.org.apache.http.impl.conn.PoolingHttpClientConnectionManager.connect(PoolingHttpClientConnectionManager.java:353)
wiremock.org.apache.http.impl.execchain.MainClientExec.establishRoute(MainClientExec.java:380)
wiremock.org.apache.http.impl.execchain.MainClientExec.execute(MainClientExec.java:236)
wiremock.org.apache.http.impl.execchain.ProtocolExec.execute(ProtocolExec.java:184)
wiremock.org.apache.http.impl.client.InternalHttpClient.doExecute(InternalHttpClient.java:184)
wiremock.org.apache.http.impl.client.CloseableHttpClient.execute(CloseableHttpClient.java:82)
wiremock.org.apache.http.impl.client.CloseableHttpClient.execute(CloseableHttpClient.java:107)
com.github.tomakehurst.wiremock.client.HttpAdminClient.safelyExecuteRequest(HttpAdminClient.java:311)
com.github.tomakehurst.wiremock.client.HttpAdminClient.executeRequest(HttpAdminClient.java:299)
com.github.tomakehurst.wiremock.client.HttpAdminClient.addStubMapping(HttpAdminClient.java:94)
com.github.tomakehurst.wiremock.client.WireMock.register(WireMock.java:248)
com.github.tomakehurst.wiremock.client.WireMock.register(WireMock.java:243)
com.github.tomakehurst.wiremock.client.WireMock.givenThat(WireMock.java:94)
com.github.tomakehurst.wiremock.client.WireMock.stubFor(WireMock.java:98)
StubRequisicoesSaepResolucao.inicializarStubGet(StubRequisicoesSaepResolucao.java:17)
StepAtividadeEnsino.init(StepAtividadeEnsino.java:42)
sun.reflect.NativeMethodAccessorImpl.invoke0(Native Method)
sun.reflect.NativeMethodAccessorImpl.invoke(NativeMethodAccessorImpl.java:62)
sun.reflect.DelegatingMethodAccessorImpl.invoke(DelegatingMethodAccessorImpl.java:43)
java.lang.reflect.Method.invoke(Method.java:497)
com.thoughtworks.gauge.execution.MethodExecutor.execute(MethodExecutor.java:31)
com.thoughtworks.gauge.execution.StepExecutionStage.executeStepMethod(StepExecutionStage.java:96)
com.thoughtworks.gauge.execution.StepExecutionStage.executeStep(StepExecutionStage.java:77)
com.thoughtworks.gauge.execution.StepExecutionStage.execute(StepExecutionStage.java:58)
com.thoughtworks.gauge.execution.AbstractExecutionStage.executeNext(AbstractExecutionStage.java:24)
com.thoughtworks.gauge.execution.HookExecutionStage.execute(HookExecutionStage.java:42)
com.thoughtworks.gauge.execution.ExecutionPipeline.start(ExecutionPipeline.java:31)
com.thoughtworks.gauge.processor.ExecuteStepProcessor.process(ExecuteStepProcessor.java:34)
com.thoughtworks.gauge.connection.MessageDispatcher.dispatchMessages(MessageDispatcher.java:72)
com.thoughtworks.gauge.GaugeRuntime.main(GaugeRuntime.java:37)
05:04:00.822 Specifications:	1 executed	0 passed	1 failed	0 skipped
05:04:00.822 Scenarios:	1 executed	0 passed	1 failed	0 skipped
05:04:00.822 
Total time taken: 13.375s
05:12:12.003 Got a kill message. Killing runner.
05:12:16.601 Killing runner with PID:14304 forcefully
